c:\kaust\mda\mda\linearalgebra\linearalgebra\x64\debug\vc120.pdb
c:\kaust\mda\mda\linearalgebra\linearalgebra\x64\debug\vc120.idb
c:\kaust\mda\mda\linearalgebra\linearalgebra\x64\debug\conjugategradient.obj
c:\kaust\mda\mda\linearalgebra\linearalgebra\x64\debug\eigensolver.obj
c:\kaust\mda\mda\linearalgebra\linearalgebra\x64\debug\imagespacesystem.obj
c:\kaust\mda\mda\linearalgebra\linearalgebra\x64\debug\jacobipreconditioner.obj
c:\kaust\mda\mda\linearalgebra\linearalgebra\x64\debug\jacobirotation.obj
c:\kaust\mda\mda\linearalgebra\linearalgebra\x64\debug\lapackbridge.obj
c:\kaust\mda\mda\linearalgebra\linearalgebra\x64\debug\linalgthreading.obj
c:\kaust\mda\mda\linearalgebra\linearalgebra\x64\debug\linearoperator.obj
c:\kaust\mda\mda\linearalgebra\linearalgebra\x64\debug\linearsolver.obj
c:\kaust\mda\mda\linearalgebra\linearalgebra\x64\debug\matrix.obj
c:\kaust\mda\mda\linearalgebra\linearalgebra\x64\debug\multigridpreconditioner.obj
c:\kaust\mda\mda\linearalgebra\linearalgebra\x64\debug\poissonsystem.obj
c:\kaust\mda\mda\linearalgebra\linearalgebra\x64\debug\preconditioner.obj
c:\kaust\mda\mda\linearalgebra\linearalgebra\x64\debug\productmatrix.obj
c:\kaust\mda\mda\linearalgebra\linearalgebra\x64\debug\sparsematrix.obj
c:\kaust\mda\mda\linearalgebra\linearalgebra\x64\debug\vector.obj
c:\kaust\mda\mda\mda\x64\debug\linearalgebra.lib
c:\kaust\mda\mda\linearalgebra\linearalgebra\x64\debug\linearalgebra.tlog\cl.command.1.tlog
c:\kaust\mda\mda\linearalgebra\linearalgebra\x64\debug\linearalgebra.tlog\cl.read.1.tlog
c:\kaust\mda\mda\linearalgebra\linearalgebra\x64\debug\linearalgebra.tlog\cl.write.1.tlog
c:\kaust\mda\mda\linearalgebra\linearalgebra\x64\debug\linearalgebra.tlog\lib-link.read.1.tlog
c:\kaust\mda\mda\linearalgebra\linearalgebra\x64\debug\linearalgebra.tlog\lib-link.write.1.tlog
c:\kaust\mda\mda\linearalgebra\linearalgebra\x64\debug\linearalgebra.tlog\lib.command.1.tlog
