Build started 7/20/2016 12:14:37 PM.
     1>Project "C:\kaust\mda\MDA\Bin\mda-view2d\mda-view2d.vcxproj" on node 7 (Rebuild target(s)).
     1>ClCompile:
         C:\Program Files (x86)\Microsoft Visual Studio 12.0\VC\bin\x86_amd64\CL.exe /c /I../../../ /IC:\dv\OpenGL\FreeCLUT\include /I"C:\dv\OpenGL\glew-1.11.0\include" /Zi /nologo /W3 /WX- /sdl /Od /D _MBCS /Gm /EHsc /RTC1 /MDd /GS /fp:precise /Zc:wchar_t /Zc:forScope /Fo"x64\Debug\\" /Fd"x64\Debug\vc120.pdb" /Gd /TP /errorReport:prompt "..\mda-view2d.C"
         mda-view2d.C
     1>C:\Program Files (x86)\Microsoft Visual Studio 12.0\VC\include\fstream(9): warning C4002: too many actual parameters for macro 'warning'
     1>C:\Program Files (x86)\Microsoft Visual Studio 12.0\VC\include\fstream(9): warning C4081: expected 'identifier'; found '('
     1>C:\Program Files (x86)\Microsoft Visual Studio 12.0\VC\include\fstream(14): warning C4081: expected 'identifier'; found '('
     1>C:\Program Files (x86)\Microsoft Visual Studio 12.0\VC\include\fstream(611): warning C4081: expected 'identifier'; found '('
     1>C:\Program Files (x86)\Microsoft Visual Studio 12.0\VC\include\fstream(612): warning C4081: expected 'identifier'; found '('
     1>C:\Program Files (x86)\Microsoft Visual Studio 12.0\VC\include\fstream(614): warning C4081: expected 'identifier'; found '('
     1>C:\Program Files (x86)\Microsoft Visual Studio 12.0\VC\include\fstream(1319): warning C4081: expected 'identifier'; found '('
     1>C:\kaust\mda\MDA/Base/CoordinateVector.hh(107): warning C4267: 'initializing' : conversion from 'size_t' to 'int', possible loss of data
     1>..\mda-view2d.C(133): warning C4305: 'initializing' : truncation from 'double' to 'float'
     1>..\mda-view2d.C(161): warning C4267: 'initializing' : conversion from 'size_t' to 'unsigned long', possible loss of data
     1>..\mda-view2d.C(184): warning C4267: 'initializing' : conversion from 'size_t' to 'unsigned long', possible loss of data
     1>..\mda-view2d.C(188): warning C4267: '=' : conversion from 'size_t' to 'long', possible loss of data
     1>..\mda-view2d.C(201): warning C4267: 'initializing' : conversion from 'size_t' to 'unsigned long', possible loss of data
     1>..\mda-view2d.C(227): warning C4800: 'size_t' : forcing value to bool 'true' or 'false' (performance warning)
     1>..\mda-view2d.C(232): warning C4800: 'size_t' : forcing value to bool 'true' or 'false' (performance warning)
     1>..\mda-view2d.C(238): warning C4800: 'size_t' : forcing value to bool 'true' or 'false' (performance warning)
     1>..\mda-view2d.C(243): warning C4800: 'size_t' : forcing value to bool 'true' or 'false' (performance warning)
     1>..\mda-view2d.C(249): warning C4800: 'size_t' : forcing value to bool 'true' or 'false' (performance warning)
     1>..\mda-view2d.C(255): warning C4800: 'size_t' : forcing value to bool 'true' or 'false' (performance warning)
     1>..\mda-view2d.C(261): warning C4800: 'size_t' : forcing value to bool 'true' or 'false' (performance warning)
     1>..\mda-view2d.C(267): warning C4800: 'size_t' : forcing value to bool 'true' or 'false' (performance warning)
     1>..\mda-view2d.C(273): warning C4800: 'size_t' : forcing value to bool 'true' or 'false' (performance warning)
     1>..\mda-view2d.C(279): warning C4800: 'size_t' : forcing value to bool 'true' or 'false' (performance warning)
     1>..\mda-view2d.C(316): warning C4018: '<' : signed/unsigned mismatch
     1>..\mda-view2d.C(385): warning C4244: '=' : conversion from 'double' to 'float', possible loss of data
     1>..\mda-view2d.C(389): warning C4244: '=' : conversion from 'double' to 'float', possible loss of data
     1>..\mda-view2d.C(417): warning C4267: 'initializing' : conversion from 'size_t' to 'int', possible loss of data
     1>..\mda-view2d.C(487): warning C4267: 'initializing' : conversion from 'size_t' to 'int', possible loss of data
     1>..\mda-view2d.C(666): warning C4267: '=' : conversion from 'size_t' to 'int', possible loss of data
     1>..\mda-view2d.C(675): warning C4267: '=' : conversion from 'size_t' to 'int', possible loss of data
     1>..\mda-view2d.C(752): warning C4267: '=' : conversion from 'size_t' to 'int', possible loss of data
     1>..\mda-view2d.C(767): warning C4267: '=' : conversion from 'size_t' to 'int', possible loss of data
     1>..\mda-view2d.C(778): warning C4267: '=' : conversion from 'size_t' to 'int', possible loss of data
     1>..\mda-view2d.C(864): warning C4244: 'initializing' : conversion from 'float' to 'int', possible loss of data
     1>..\mda-view2d.C(865): warning C4244: 'initializing' : conversion from 'float' to 'int', possible loss of data
     1>..\mda-view2d.C(872): warning C4244: '=' : conversion from 'int' to 'float', possible loss of data
     1>..\mda-view2d.C(873): warning C4244: '=' : conversion from 'int' to 'float', possible loss of data
     1>..\mda-view2d.C(930): warning C4267: 'initializing' : conversion from 'size_t' to 'int', possible loss of data
     1>..\mda-view2d.C(951): warning C4244: 'argument' : conversion from 'int' to 'GLfloat', possible loss of data
     1>..\mda-view2d.C(952): warning C4244: 'argument' : conversion from 'int' to 'GLfloat', possible loss of data
     1>..\mda-view2d.C(953): warning C4244: 'argument' : conversion from 'int' to 'GLfloat', possible loss of data
     1>..\mda-view2d.C(958): warning C4244: 'argument' : conversion from 'int' to 'GLfloat', possible loss of data
     1>..\mda-view2d.C(962): warning C4244: 'argument' : conversion from 'int' to 'GLfloat', possible loss of data
     1>..\mda-view2d.C(969): warning C4244: 'argument' : conversion from 'int' to 'GLfloat', possible loss of data
     1>..\mda-view2d.C(970): warning C4244: 'argument' : conversion from 'int' to 'GLfloat', possible loss of data
     1>..\mda-view2d.C(971): warning C4244: 'argument' : conversion from 'int' to 'GLfloat', possible loss of data
     1>..\mda-view2d.C(978): warning C4244: 'initializing' : conversion from 'double' to 'int', possible loss of data
     1>..\mda-view2d.C(979): warning C4244: 'initializing' : conversion from 'double' to 'int', possible loss of data
     1>..\mda-view2d.C(986): warning C4244: 'argument' : conversion from 'int' to 'GLfloat', possible loss of data
     1>..\mda-view2d.C(1048): warning C4018: '<' : signed/unsigned mismatch
     1>..\mda-view2d.C(1071): warning C4244: 'argument' : conversion from 'double' to 'GLfloat', possible loss of data
     1>..\mda-view2d.C(1073): warning C4244: 'argument' : conversion from 'int' to 'GLfloat', possible loss of data
     1>..\mda-view2d.C(1074): warning C4244: 'argument' : conversion from 'int' to 'GLfloat', possible loss of data
     1>..\mda-view2d.C(1075): warning C4244: 'argument' : conversion from 'int' to 'GLfloat', possible loss of data
     1>..\mda-view2d.C(1076): warning C4244: 'argument' : conversion from 'int' to 'GLfloat', possible loss of data
     1>..\mda-view2d.C(1084): warning C4244: 'argument' : conversion from 'int' to 'GLfloat', possible loss of data
     1>..\mda-view2d.C(1085): warning C4244: 'argument' : conversion from 'int' to 'GLfloat', possible loss of data
     1>..\mda-view2d.C(1090): warning C4244: 'argument' : conversion from 'int' to 'GLfloat', possible loss of data
     1>..\mda-view2d.C(1091): warning C4244: 'argument' : conversion from 'int' to 'GLfloat', possible loss of data
     1>..\mda-view2d.C(1103): warning C4305: 'argument' : truncation from 'double' to 'GLfloat'
     1>..\mda-view2d.C(1106): warning C4244: 'argument' : conversion from 'int' to 'GLfloat', possible loss of data
     1>..\mda-view2d.C(1107): warning C4244: 'argument' : conversion from 'int' to 'GLfloat', possible loss of data
     1>..\mda-view2d.C(1108): warning C4244: 'argument' : conversion from 'int' to 'GLfloat', possible loss of data
     1>..\mda-view2d.C(1117): warning C4244: 'argument' : conversion from 'int' to 'GLfloat', possible loss of data
     1>..\mda-view2d.C(1157): warning C4244: 'initializing' : conversion from 'float' to 'int', possible loss of data
       Link:
         C:\Program Files (x86)\Microsoft Visual Studio 12.0\VC\bin\x86_amd64\link.exe /ERRORREPORT:PROMPT /OUT:"C:\kaust\mda\MDA\mda\x64\Debug\mda-view2d.exe" /INCREMENTAL /NOLOGO /LIBPATH:C:\kaust\mda\MDA\mda\x64\Debug /LIBPATH:C:\dv\OpenGL\FreeCLUT\lib\x64 /LIBPATH:"C:\dv\OpenGL\glew-1.11.0\lib\Release\x64" base.lib TinyXML.lib Array.lib freeglut.lib expressions.lib glew32.lib kernel32.lib user32.lib gdi32.lib winspool.lib comdlg32.lib advapi32.lib shell32.lib ole32.lib oleaut32.lib uuid.lib odbc32.lib odbccp32.lib /MANIFEST /MANIFESTUAC:"level='asInvoker' uiAccess='false'" /manifest:embed /DEBUG /PDB:"C:\kaust\mda\MDA\mda\x64\Debug\mda-view2d.pdb" /TLBID:1 /DYNAMICBASE /NXCOMPAT /IMPLIB:"C:\kaust\mda\MDA\mda\x64\Debug\mda-view2d.lib" /MACHINE:X64 "x64\Debug\mda-view2d.obj"
         mda-view2d.vcxproj -> C:\kaust\mda\MDA\mda\x64\Debug\mda-view2d.exe
     1>Done Building Project "C:\kaust\mda\MDA\Bin\mda-view2d\mda-view2d.vcxproj" (Rebuild target(s)).

Build succeeded.

Time Elapsed 00:00:03.01
