Build started 7/20/2016 12:14:42 PM.
     1>Project "C:\kaust\mda\MDA\Bin\mda-spectrum2color\mda-spectrum2color.vcxproj" on node 8 (Rebuild target(s)).
     1>ClCompile:
         C:\Program Files (x86)\Microsoft Visual Studio 12.0\VC\bin\x86_amd64\CL.exe /c /I../../../ /Zi /nologo /W3 /WX- /sdl /Od /D _MBCS /Gm /EHsc /RTC1 /MDd /GS /fp:precise /Zc:wchar_t /Zc:forScope /Fo"x64\Debug\\" /Fd"x64\Debug\vc120.pdb" /Gd /TP /errorReport:prompt "..\mda-spectrum2color.C"
         mda-spectrum2color.C
     1>C:\Program Files (x86)\Microsoft Visual Studio 12.0\VC\include\vector(10): warning C4002: too many actual parameters for macro 'warning'
     1>C:\Program Files (x86)\Microsoft Visual Studio 12.0\VC\include\vector(10): warning C4081: expected 'identifier'; found '('
     1>C:\Program Files (x86)\Microsoft Visual Studio 12.0\VC\include\vector(14): warning C4081: expected 'identifier'; found '('
     1>C:\Program Files (x86)\Microsoft Visual Studio 12.0\VC\include\vector(15): warning C4081: expected 'identifier'; found '('
     1>C:\Program Files (x86)\Microsoft Visual Studio 12.0\VC\include\vector(3034): warning C4081: expected 'identifier'; found '('
     1>c:\kaust\mda\mda\base\TinyXML/tinyxml.h(30): warning C4081: expected 'identifier'; found '('
     1>c:\kaust\mda\mda\base\TinyXML/tinyxml.h(31): warning C4081: expected 'identifier'; found '('
     1>c:\kaust\mda\mda\base\TinyXML/tinyxml.h(32): warning C4081: expected 'identifier'; found '('
     1>c:\kaust\mda\mda\base\TinyXML/tinyxml.h(1798): warning C4081: expected 'identifier'; found '('
     1>C:\kaust\mda\MDA/Base/CoordinateVector.hh(107): warning C4267: 'initializing' : conversion from 'size_t' to 'int', possible loss of data
     1>c:\kaust\mda\mda\array\CoordinateArithmetic.hh(40): warning C4267: 'initializing' : conversion from 'size_t' to 'unsigned int', possible loss of data
     1>c:\kaust\mda\mda\array\CoordinateArithmetic.hh(49): warning C4267: 'initializing' : conversion from 'size_t' to 'unsigned int', possible loss of data
     1>c:\kaust\mda\mda\array\CoordinateArithmetic.hh(58): warning C4267: 'initializing' : conversion from 'size_t' to 'unsigned int', possible loss of data
     1>c:\kaust\mda\mda\array\CoordinateArithmetic.hh(69): warning C4267: 'initializing' : conversion from 'size_t' to 'unsigned int', possible loss of data
     1>c:\kaust\mda\mda\array\CoordinateArithmetic.hh(84): warning C4267: 'initializing' : conversion from 'size_t' to 'unsigned int', possible loss of data
     1>C:\kaust\mda\MDA/LinearAlgebra/Vector.hh(80): warning C4267: 'initializing' : conversion from 'size_t' to 'int', possible loss of data
     1>C:\kaust\mda\MDA/Color/Spectrum.hh(119): warning C4018: '<' : signed/unsigned mismatch
     1>C:\kaust\mda\MDA/Color/Spectrum.hh(119): warning C4018: '>' : signed/unsigned mismatch
     1>C:\kaust\mda\MDA/Color/Spectrum.hh(130): warning C4018: '<' : signed/unsigned mismatch
     1>C:\kaust\mda\MDA/Color/Spectrum.hh(130): warning C4018: '>' : signed/unsigned mismatch
       Link:
         C:\Program Files (x86)\Microsoft Visual Studio 12.0\VC\bin\x86_amd64\link.exe /ERRORREPORT:PROMPT /OUT:"C:\kaust\mda\MDA\mda\x64\Debug\mda-spectrum2color.exe" /INCREMENTAL /NOLOGO /LIBPATH:C:\kaust\mda\MDA\mda\x64\Debug /LIBPATH:"C:\dv\pthreads-w32-2-9-1-release\Pre-built.2\lib\x64" base.lib TinyXML.lib Array.lib color.lib resamping.lib linearalgebra.lib Threading.lib libpthreadGC2.a kernel32.lib user32.lib gdi32.lib winspool.lib comdlg32.lib advapi32.lib shell32.lib ole32.lib oleaut32.lib uuid.lib odbc32.lib odbccp32.lib /MANIFEST /MANIFESTUAC:"level='asInvoker' uiAccess='false'" /manifest:embed /DEBUG /PDB:"C:\kaust\mda\MDA\mda\x64\Debug\mda-spectrum2color.pdb" /TLBID:1 /DYNAMICBASE /NXCOMPAT /IMPLIB:"C:\kaust\mda\MDA\mda\x64\Debug\mda-spectrum2color.lib" /MACHINE:X64 "x64\Debug\mda-spectrum2color.obj"
         mda-spectrum2color.vcxproj -> C:\kaust\mda\MDA\mda\x64\Debug\mda-spectrum2color.exe
     1>Done Building Project "C:\kaust\mda\MDA\Bin\mda-spectrum2color\mda-spectrum2color.vcxproj" (Rebuild target(s)).

Build succeeded.

Time Elapsed 00:00:02.56
