Build started 9/5/2016 1:39:30 PM.
     1>Project "C:\kaust\mda\MDA\Bin\mda-poisson\mda-poisson.vcxproj" on node 9 (Rebuild target(s)).
     1>C:\Program Files (x86)\MSBuild\Microsoft.Cpp\v4.0\V120\Microsoft.CppBuild.targets(388,5): warning MSB8028: The intermediate directory (x64\Release\) contains files shared from another project (mda-poisson1.vcxproj).  This can lead to incorrect clean and rebuild behavior.
     1>ClCompile:
         C:\Program Files (x86)\Microsoft Visual Studio 12.0\VC\bin\x86_amd64\CL.exe /c /I../../../ /Zi /nologo /W3 /WX- /sdl /O2 /Oi /GL /D _MBCS /Gm- /EHsc /MT /GS /Gy /fp:precise /Zc:wchar_t /Zc:forScope /Fo"x64\Release\\" /Fd"x64\Release\vc120.pdb" /Gd /TP /errorReport:prompt "..\mda-poisson.C"
         mda-poisson.C
     1>C:\Program Files (x86)\Microsoft Visual Studio 12.0\VC\include\iterator(10): warning C4002: too many actual parameters for macro 'warning'
     1>C:\Program Files (x86)\Microsoft Visual Studio 12.0\VC\include\iterator(10): warning C4081: expected 'identifier'; found '('
     1>C:\Program Files (x86)\Microsoft Visual Studio 12.0\VC\include\iterator(737): warning C4081: expected 'identifier'; found '('
     1>C:\Program Files (x86)\Microsoft Visual Studio 12.0\VC\include\string(9): warning C4002: too many actual parameters for macro 'warning'
     1>C:\Program Files (x86)\Microsoft Visual Studio 12.0\VC\include\string(9): warning C4081: expected 'identifier'; found '('
     1>C:\Program Files (x86)\Microsoft Visual Studio 12.0\VC\include\string(13): warning C4081: expected 'identifier'; found '('
     1>C:\Program Files (x86)\Microsoft Visual Studio 12.0\VC\include\string(14): warning C4081: expected 'identifier'; found '('
     1>C:\Program Files (x86)\Microsoft Visual Studio 12.0\VC\include\string(651): warning C4081: expected 'identifier'; found '('
     1>C:\Program Files (x86)\Microsoft Visual Studio 12.0\VC\include\sstream(9): warning C4002: too many actual parameters for macro 'warning'
     1>C:\Program Files (x86)\Microsoft Visual Studio 12.0\VC\include\sstream(9): warning C4081: expected 'identifier'; found '('
     1>C:\Program Files (x86)\Microsoft Visual Studio 12.0\VC\include\sstream(13): warning C4081: expected 'identifier'; found '('
     1>C:\Program Files (x86)\Microsoft Visual Studio 12.0\VC\include\sstream(668): warning C4081: expected 'identifier'; found '('
     1>C:\Program Files (x86)\Microsoft Visual Studio 12.0\VC\include\xmemory(9): warning C4002: too many actual parameters for macro 'warning'
     1>C:\Program Files (x86)\Microsoft Visual Studio 12.0\VC\include\xmemory(9): warning C4081: expected 'identifier'; found '('
     1>C:\Program Files (x86)\Microsoft Visual Studio 12.0\VC\include\xmemory(13): warning C4081: expected 'identifier'; found '('
     1>C:\Program Files (x86)\Microsoft Visual Studio 12.0\VC\include\xmemory(999): warning C4081: expected 'identifier'; found '('
     1>C:\Program Files (x86)\Microsoft Visual Studio 12.0\VC\include\list(10): warning C4002: too many actual parameters for macro 'warning'
     1>C:\Program Files (x86)\Microsoft Visual Studio 12.0\VC\include\list(10): warning C4081: expected 'identifier'; found '('
     1>C:\Program Files (x86)\Microsoft Visual Studio 12.0\VC\include\list(14): warning C4081: expected 'identifier'; found '('
     1>C:\Program Files (x86)\Microsoft Visual Studio 12.0\VC\include\list(1990): warning C4081: expected 'identifier'; found '('
     1>C:\Program Files (x86)\Microsoft Visual Studio 12.0\VC\include\vector(10): warning C4002: too many actual parameters for macro 'warning'
     1>C:\Program Files (x86)\Microsoft Visual Studio 12.0\VC\include\vector(10): warning C4081: expected 'identifier'; found '('
     1>C:\Program Files (x86)\Microsoft Visual Studio 12.0\VC\include\vector(14): warning C4081: expected 'identifier'; found '('
     1>C:\Program Files (x86)\Microsoft Visual Studio 12.0\VC\include\vector(15): warning C4081: expected 'identifier'; found '('
     1>C:\Program Files (x86)\Microsoft Visual Studio 12.0\VC\include\vector(3034): warning C4081: expected 'identifier'; found '('
     1>C:\kaust\mda\MDA/Base/CoordinateVector.hh(107): warning C4267: 'initializing' : conversion from 'size_t' to 'int', possible loss of data
     1>c:\kaust\mda\mda\array\CoordinateArithmetic.hh(40): warning C4267: 'initializing' : conversion from 'size_t' to 'unsigned int', possible loss of data
     1>c:\kaust\mda\mda\array\CoordinateArithmetic.hh(49): warning C4267: 'initializing' : conversion from 'size_t' to 'unsigned int', possible loss of data
     1>c:\kaust\mda\mda\array\CoordinateArithmetic.hh(58): warning C4267: 'initializing' : conversion from 'size_t' to 'unsigned int', possible loss of data
     1>c:\kaust\mda\mda\array\CoordinateArithmetic.hh(69): warning C4267: 'initializing' : conversion from 'size_t' to 'unsigned int', possible loss of data
     1>c:\kaust\mda\mda\array\CoordinateArithmetic.hh(84): warning C4267: 'initializing' : conversion from 'size_t' to 'unsigned int', possible loss of data
     1>c:\kaust\mda\mda\base\TinyXML/tinyxml.h(30): warning C4081: expected 'identifier'; found '('
     1>c:\kaust\mda\mda\base\TinyXML/tinyxml.h(31): warning C4081: expected 'identifier'; found '('
     1>c:\kaust\mda\mda\base\TinyXML/tinyxml.h(32): warning C4081: expected 'identifier'; found '('
     1>c:\kaust\mda\mda\base\TinyXML/tinyxml.h(1798): warning C4081: expected 'identifier'; found '('
     1>c:\kaust\mda\mda\linearalgebra\Vector.hh(80): warning C4267: 'initializing' : conversion from 'size_t' to 'int', possible loss of data
     1>C:\kaust\mda\MDA/LinearAlgebra/MultigridPreconditioner.c(39): warning C4267: 'initializing' : conversion from 'size_t' to 'int', possible loss of data
     1>C:\kaust\mda\MDA/LinearAlgebra/MultigridPreconditioner.c(55): warning C4267: 'initializing' : conversion from 'size_t' to 'int', possible loss of data
     1>C:\Program Files (x86)\Microsoft Visual Studio 12.0\VC\include\algorithm(9): warning C4002: too many actual parameters for macro 'warning'
     1>C:\Program Files (x86)\Microsoft Visual Studio 12.0\VC\include\algorithm(9): warning C4081: expected 'identifier'; found '('
     1>C:\Program Files (x86)\Microsoft Visual Studio 12.0\VC\include\algorithm(12): warning C4081: expected 'identifier'; found '('
     1>C:\Program Files (x86)\Microsoft Visual Studio 12.0\VC\include\algorithm(4368): warning C4081: expected 'identifier'; found '('
     1>..\mda-poisson.C(251): warning C4267: 'initializing' : conversion from 'size_t' to 'int', possible loss of data
     1>..\mda-poisson.C(134): warning C4101: 'numChannels' : unreferenced local variable
     1>..\mda-poisson.C(134): warning C4101: 'numOldChannels' : unreferenced local variable
     1>C:\kaust\mda\MDA/Array/Array.hh(151): warning C4267: 'return' : conversion from 'size_t' to 'int', possible loss of data
                 C:\kaust\mda\MDA/Array/Array.hh(150) : while compiling class template member function 'int MDA::Array<double>::getNumChannels(void) const'
                 ..\mda-poisson.C(252) : see reference to function template instantiation 'int MDA::Array<double>::getNumChannels(void) const' being compiled
                 C:\kaust\mda\MDA/Array/Array.hh(245) : see reference to class template instantiation 'MDA::Array<double>' being compiled
     1>C:\kaust\mda\MDA/Array/Array.hh(183): warning C4267: 'return' : conversion from 'size_t' to 'unsigned int', possible loss of data
                 C:\kaust\mda\MDA/Array/Array.hh(180) : while compiling class template member function 'unsigned int MDA::Array<double>::addChannel(T)'
                 with
                 [
                     T=double
                 ]
                 ..\mda-poisson.C(214) : see reference to function template instantiation 'unsigned int MDA::Array<double>::addChannel(T)' being compiled
                 with
                 [
                     T=double
                 ]
     1>..\mda-poisson.C(64): warning C4267: 'initializing' : conversion from 'size_t' to 'unsigned int', possible loss of data
                 ..\mda-poisson.C(269) : see reference to function template instantiation 'unsigned int addMaskChannel<double>(MDA::Array<double> &,bool)' being compiled
     1>..\mda-poisson.C(71): warning C4018: '<' : signed/unsigned mismatch
       Link:
         C:\Program Files (x86)\Microsoft Visual Studio 12.0\VC\bin\x86_amd64\link.exe /ERRORREPORT:PROMPT /OUT:"C:\kaust\mda\MDA\mda\x64\Release\mda-poisson.exe" /NOLOGO /LIBPATH:C:\kaust\mda\MDA\mda\x64\Release /LIBPATH:C:\dv\lapack_3.6.0\build2\lib Base.lib TinyXML.lib Array.lib LinearAlgebra.lib libblas.lib liblapack.lib kernel32.lib user32.lib gdi32.lib winspool.lib comdlg32.lib advapi32.lib shell32.lib ole32.lib oleaut32.lib uuid.lib odbc32.lib odbccp32.lib /MANIFEST /MANIFESTUAC:"level='asInvoker' uiAccess='false'" /manifest:embed /DEBUG /PDB:"C:\kaust\mda\MDA\mda\x64\Release\mda-poisson.pdb" /OPT:REF /OPT:ICF /LTCG /TLBID:1 /DYNAMICBASE /NXCOMPAT /IMPLIB:"C:\kaust\mda\MDA\mda\x64\Release\mda-poisson.lib" /MACHINE:X64 "x64\Release\mda-poisson.obj"
         Generating code
         Finished generating code
         mda-poisson.vcxproj -> C:\kaust\mda\MDA\mda\x64\Release\mda-poisson.exe
     1>Done Building Project "C:\kaust\mda\MDA\Bin\mda-poisson\mda-poisson.vcxproj" (Rebuild target(s)).

Build succeeded.

Time Elapsed 00:00:08.68
