Build started 9/5/2016 1:38:41 PM.
     1>Project "C:\kaust\mda\MDA\Threading\Threading\Threading.vcxproj" on node 4 (Rebuild target(s)).
     1>ClCompile:
         C:\Program Files (x86)\Microsoft Visual Studio 12.0\VC\bin\x86_amd64\CL.exe /c /I../../.. /I"C:\dv\pthreads-w32-2-9-1-release\Pre-built.2\include" /Zi /nologo /W3 /WX- /sdl /O2 /Oi /GL /D HAVE_PTHREADS /D _CRT_SECURE_NO_WARNINGS /D _CRT_SECURE_NO_WARNINGS /D _MBCS /Gm- /EHsc /MT /GS /Gy /fp:precise /Zc:wchar_t /Zc:forScope /Fo"x64\Release\\" /Fd"x64\Release\vc120.pdb" /Gd /TP /errorReport:prompt ..\SMPJob.C ..\SMPJobManager.C ..\ThreadingOption.C
         SMPJob.C
         SMPJobManager.C
         ThreadingOption.C
     1>C:\Program Files (x86)\Microsoft Visual Studio 12.0\VC\include\time.inl(88): warning C4081: expected 'identifier'; found '('
     1>C:\Program Files (x86)\Microsoft Visual Studio 12.0\VC\include\time.inl(89): warning C4081: expected 'identifier'; found '('
     1>C:\Program Files (x86)\Microsoft Visual Studio 12.0\VC\include\time.inl(91): warning C4081: expected 'identifier'; found '('
     1>C:\Program Files (x86)\Microsoft Visual Studio 12.0\VC\include\time.inl(101): warning C4081: expected 'identifier'; found '('
     1>C:\Program Files (x86)\Microsoft Visual Studio 12.0\VC\include\time.inl(102): warning C4081: expected 'identifier'; found '('
     1>C:\Program Files (x86)\Microsoft Visual Studio 12.0\VC\include\time.inl(104): warning C4081: expected 'identifier'; found '('
     1>C:\Program Files (x86)\Microsoft Visual Studio 12.0\VC\include\time.inl(114): warning C4081: expected 'identifier'; found '('
     1>C:\Program Files (x86)\Microsoft Visual Studio 12.0\VC\include\time.inl(115): warning C4081: expected 'identifier'; found '('
     1>C:\Program Files (x86)\Microsoft Visual Studio 12.0\VC\include\time.inl(117): warning C4081: expected 'identifier'; found '('
     1>C:\dv\pthreads-w32-2-9-1-release\Pre-built.2\include\pthread.h(733): warning C4081: expected 'identifier'; found '('
     1>C:\dv\pthreads-w32-2-9-1-release\Pre-built.2\include\pthread.h(736): warning C4229: anachronism used : modifiers on data are ignored
     1>C:\dv\pthreads-w32-2-9-1-release\Pre-built.2\include\pthread.h(739): warning C4081: expected 'identifier'; found '('
       Lib:
         C:\Program Files (x86)\Microsoft Visual Studio 12.0\VC\bin\x86_amd64\Lib.exe /OUT:"C:\kaust\mda\MDA\mda\x64\Release\Threading.lib" /NOLOGO /MACHINE:X64 /LTCG x64\Release\SMPJob.obj
         x64\Release\SMPJobManager.obj
         x64\Release\ThreadingOption.obj
         Threading.vcxproj -> C:\kaust\mda\MDA\mda\x64\Release\Threading.lib
     1>Done Building Project "C:\kaust\mda\MDA\Threading\Threading\Threading.vcxproj" (Rebuild target(s)).

Build succeeded.

Time Elapsed 00:00:04.70
