Build started 9/5/2016 1:39:54 PM.
     1>Project "C:\kaust\mda\MDA\Bin\patterns\patterns.vcxproj" on node 8 (Rebuild target(s)).
     1>ClCompile:
         C:\Program Files (x86)\Microsoft Visual Studio 12.0\VC\bin\x86_amd64\CL.exe /c /I../../../ /Zi /nologo /W3 /WX- /sdl /O2 /Oi /GL /D _MBCS /Gm- /EHsc /MT /GS /Gy /fp:precise /Zc:wchar_t /Zc:forScope /Fo"x64\Release\\" /Fd"x64\Release\vc120.pdb" /Gd /TP /errorReport:prompt ..\patterns.C
         patterns.C
     1>C:\kaust\mda\MDA/Base/CoordinateVector.hh(107): warning C4267: 'initializing' : conversion from 'size_t' to 'int', possible loss of data
     1>c:\kaust\mda\mda\array\CoordinateArithmetic.hh(40): warning C4267: 'initializing' : conversion from 'size_t' to 'unsigned int', possible loss of data
     1>c:\kaust\mda\mda\array\CoordinateArithmetic.hh(49): warning C4267: 'initializing' : conversion from 'size_t' to 'unsigned int', possible loss of data
     1>c:\kaust\mda\mda\array\CoordinateArithmetic.hh(58): warning C4267: 'initializing' : conversion from 'size_t' to 'unsigned int', possible loss of data
     1>c:\kaust\mda\mda\array\CoordinateArithmetic.hh(69): warning C4267: 'initializing' : conversion from 'size_t' to 'unsigned int', possible loss of data
     1>c:\kaust\mda\mda\array\CoordinateArithmetic.hh(84): warning C4267: 'initializing' : conversion from 'size_t' to 'unsigned int', possible loss of data
     1>..\patterns.C(73): warning C4101: 'i' : unreferenced local variable
     1>..\patterns.C(74): warning C4101: 'tmp' : unreferenced local variable
     1>..\patterns.C(73): warning C4101: 'k' : unreferenced local variable
     1>..\patterns.C(73): warning C4101: 'l' : unreferenced local variable
     1>..\patterns.C(73): warning C4101: 'j' : unreferenced local variable
     1>C:\kaust\mda\MDA/Array/Array.hh(183): warning C4267: 'return' : conversion from 'size_t' to 'unsigned int', possible loss of data
                 C:\kaust\mda\MDA/Array/Array.hh(180) : while compiling class template member function 'unsigned int MDA::Array<float>::addChannel(T)'
                 with
                 [
                     T=float
                 ]
                 ..\patterns.C(106) : see reference to function template instantiation 'unsigned int MDA::Array<float>::addChannel(T)' being compiled
                 with
                 [
                     T=float
                 ]
                 C:\kaust\mda\MDA/Array/Array.hh(244) : see reference to class template instantiation 'MDA::Array<float>' being compiled
       Link:
         C:\Program Files (x86)\Microsoft Visual Studio 12.0\VC\bin\x86_amd64\link.exe /ERRORREPORT:PROMPT /OUT:"C:\kaust\mda\MDA\mda\x64\Release\patterns.exe" /NOLOGO /LIBPATH:C:\kaust\mda\MDA\mda\x64\Release base.lib TinyXML.lib Array.lib kernel32.lib user32.lib gdi32.lib winspool.lib comdlg32.lib advapi32.lib shell32.lib ole32.lib oleaut32.lib uuid.lib odbc32.lib odbccp32.lib /MANIFEST /MANIFESTUAC:"level='asInvoker' uiAccess='false'" /manifest:embed /DEBUG /PDB:"C:\kaust\mda\MDA\mda\x64\Release\patterns.pdb" /OPT:REF /OPT:ICF /LTCG /TLBID:1 /DYNAMICBASE /NXCOMPAT /IMPLIB:"C:\kaust\mda\MDA\mda\x64\Release\patterns.lib" /MACHINE:X64 x64\Release\patterns.obj
         Generating code
         Finished generating code
         patterns.vcxproj -> C:\kaust\mda\MDA\mda\x64\Release\patterns.exe
     1>Done Building Project "C:\kaust\mda\MDA\Bin\patterns\patterns.vcxproj" (Rebuild target(s)).

Build succeeded.

Time Elapsed 00:00:05.43
