Build started 9/5/2016 1:39:01 PM.
     1>Project "C:\kaust\mda\MDA\GeometricPrimitives\geometricPremitives\geometricPremitives.vcxproj" on node 6 (Rebuild target(s)).
     1>C:\Program Files (x86)\MSBuild\Microsoft.Cpp\v4.0\V120\Microsoft.CppBuild.targets(388,5): warning MSB8028: The intermediate directory (x64\Release\) contains files shared from another project (geometricPremitives.vcxproj).  This can lead to incorrect clean and rebuild behavior.
     1>ClCompile:
         C:\Program Files (x86)\Microsoft Visual Studio 12.0\VC\bin\x86_amd64\CL.exe /c /I../../../ /Zi /nologo /W3 /WX- /sdl /O2 /Oi /GL /D _MBCS /Gm- /EHsc /MT /GS /Gy /fp:precise /Zc:wchar_t /Zc:forScope /Fo"x64\Release\\" /Fd"x64\Release\vc120.pdb" /Gd /TP /errorReport:prompt ..\Line.C ..\Point.C ..\XFigWriter.C
         Line.C
     1>C:\Program Files (x86)\Microsoft Visual Studio 12.0\VC\include\iterator(10): warning C4002: too many actual parameters for macro 'warning'
     1>C:\Program Files (x86)\Microsoft Visual Studio 12.0\VC\include\iterator(10): warning C4081: expected 'identifier'; found '('
     1>C:\Program Files (x86)\Microsoft Visual Studio 12.0\VC\include\iterator(737): warning C4081: expected 'identifier'; found '('
     1>C:\Program Files (x86)\Microsoft Visual Studio 12.0\VC\include\string(9): warning C4002: too many actual parameters for macro 'warning'
     1>C:\Program Files (x86)\Microsoft Visual Studio 12.0\VC\include\string(9): warning C4081: expected 'identifier'; found '('
     1>C:\Program Files (x86)\Microsoft Visual Studio 12.0\VC\include\string(13): warning C4081: expected 'identifier'; found '('
     1>C:\Program Files (x86)\Microsoft Visual Studio 12.0\VC\include\string(14): warning C4081: expected 'identifier'; found '('
     1>C:\Program Files (x86)\Microsoft Visual Studio 12.0\VC\include\string(651): warning C4081: expected 'identifier'; found '('
     1>c:\kaust\mda\mda\base\TinyXML/tinyxml.h(30): warning C4081: expected 'identifier'; found '('
     1>c:\kaust\mda\mda\base\TinyXML/tinyxml.h(31): warning C4081: expected 'identifier'; found '('
     1>c:\kaust\mda\mda\base\TinyXML/tinyxml.h(32): warning C4081: expected 'identifier'; found '('
     1>c:\kaust\mda\mda\base\TinyXML/tinyxml.h(1798): warning C4081: expected 'identifier'; found '('
     1>C:\Program Files (x86)\Microsoft Visual Studio 12.0\VC\include\sstream(9): warning C4002: too many actual parameters for macro 'warning'
     1>C:\Program Files (x86)\Microsoft Visual Studio 12.0\VC\include\sstream(9): warning C4081: expected 'identifier'; found '('
     1>C:\Program Files (x86)\Microsoft Visual Studio 12.0\VC\include\sstream(13): warning C4081: expected 'identifier'; found '('
     1>C:\Program Files (x86)\Microsoft Visual Studio 12.0\VC\include\sstream(668): warning C4081: expected 'identifier'; found '('
     1>C:\Program Files (x86)\Microsoft Visual Studio 12.0\VC\include\list(10): warning C4002: too many actual parameters for macro 'warning'
     1>C:\Program Files (x86)\Microsoft Visual Studio 12.0\VC\include\list(10): warning C4081: expected 'identifier'; found '('
     1>C:\Program Files (x86)\Microsoft Visual Studio 12.0\VC\include\list(14): warning C4081: expected 'identifier'; found '('
     1>C:\Program Files (x86)\Microsoft Visual Studio 12.0\VC\include\list(1990): warning C4081: expected 'identifier'; found '('
     1>C:\kaust\mda\MDA/Base/CoordinateVector.hh(107): warning C4267: 'initializing' : conversion from 'size_t' to 'int', possible loss of data
     1>c:\kaust\mda\mda\array\CoordinateArithmetic.hh(40): warning C4267: 'initializing' : conversion from 'size_t' to 'unsigned int', possible loss of data
     1>c:\kaust\mda\mda\array\CoordinateArithmetic.hh(49): warning C4267: 'initializing' : conversion from 'size_t' to 'unsigned int', possible loss of data
     1>c:\kaust\mda\mda\array\CoordinateArithmetic.hh(58): warning C4267: 'initializing' : conversion from 'size_t' to 'unsigned int', possible loss of data
     1>c:\kaust\mda\mda\array\CoordinateArithmetic.hh(69): warning C4267: 'initializing' : conversion from 'size_t' to 'unsigned int', possible loss of data
     1>c:\kaust\mda\mda\array\CoordinateArithmetic.hh(84): warning C4267: 'initializing' : conversion from 'size_t' to 'unsigned int', possible loss of data
     1>C:\kaust\mda\MDA/LinearAlgebra/Vector.hh(80): warning C4267: 'initializing' : conversion from 'size_t' to 'int', possible loss of data
         Point.C
     1>C:\Program Files (x86)\Microsoft Visual Studio 12.0\VC\include\xmemory(9): warning C4002: too many actual parameters for macro 'warning'
     1>C:\Program Files (x86)\Microsoft Visual Studio 12.0\VC\include\xmemory(9): warning C4081: expected 'identifier'; found '('
     1>C:\Program Files (x86)\Microsoft Visual Studio 12.0\VC\include\xmemory(13): warning C4081: expected 'identifier'; found '('
     1>C:\Program Files (x86)\Microsoft Visual Studio 12.0\VC\include\xmemory(999): warning C4081: expected 'identifier'; found '('
     1>C:\Program Files (x86)\Microsoft Visual Studio 12.0\VC\include\vector(10): warning C4002: too many actual parameters for macro 'warning'
     1>C:\Program Files (x86)\Microsoft Visual Studio 12.0\VC\include\vector(10): warning C4081: expected 'identifier'; found '('
     1>C:\Program Files (x86)\Microsoft Visual Studio 12.0\VC\include\vector(14): warning C4081: expected 'identifier'; found '('
     1>C:\Program Files (x86)\Microsoft Visual Studio 12.0\VC\include\vector(15): warning C4081: expected 'identifier'; found '('
     1>C:\Program Files (x86)\Microsoft Visual Studio 12.0\VC\include\vector(3034): warning C4081: expected 'identifier'; found '('
     1>C:\Program Files (x86)\Microsoft Visual Studio 12.0\VC\include\iterator(10): warning C4002: too many actual parameters for macro 'warning'
     1>C:\Program Files (x86)\Microsoft Visual Studio 12.0\VC\include\iterator(10): warning C4081: expected 'identifier'; found '('
     1>C:\Program Files (x86)\Microsoft Visual Studio 12.0\VC\include\iterator(737): warning C4081: expected 'identifier'; found '('
     1>C:\Program Files (x86)\Microsoft Visual Studio 12.0\VC\include\string(9): warning C4002: too many actual parameters for macro 'warning'
     1>C:\Program Files (x86)\Microsoft Visual Studio 12.0\VC\include\string(9): warning C4081: expected 'identifier'; found '('
     1>C:\Program Files (x86)\Microsoft Visual Studio 12.0\VC\include\string(13): warning C4081: expected 'identifier'; found '('
     1>C:\Program Files (x86)\Microsoft Visual Studio 12.0\VC\include\string(14): warning C4081: expected 'identifier'; found '('
     1>C:\Program Files (x86)\Microsoft Visual Studio 12.0\VC\include\string(651): warning C4081: expected 'identifier'; found '('
     1>c:\kaust\mda\mda\base\TinyXML/tinyxml.h(30): warning C4081: expected 'identifier'; found '('
     1>c:\kaust\mda\mda\base\TinyXML/tinyxml.h(31): warning C4081: expected 'identifier'; found '('
     1>c:\kaust\mda\mda\base\TinyXML/tinyxml.h(32): warning C4081: expected 'identifier'; found '('
     1>c:\kaust\mda\mda\base\TinyXML/tinyxml.h(1798): warning C4081: expected 'identifier'; found '('
     1>C:\Program Files (x86)\Microsoft Visual Studio 12.0\VC\include\sstream(9): warning C4002: too many actual parameters for macro 'warning'
     1>C:\Program Files (x86)\Microsoft Visual Studio 12.0\VC\include\sstream(9): warning C4081: expected 'identifier'; found '('
     1>C:\Program Files (x86)\Microsoft Visual Studio 12.0\VC\include\sstream(13): warning C4081: expected 'identifier'; found '('
     1>C:\Program Files (x86)\Microsoft Visual Studio 12.0\VC\include\sstream(668): warning C4081: expected 'identifier'; found '('
     1>C:\Program Files (x86)\Microsoft Visual Studio 12.0\VC\include\list(10): warning C4002: too many actual parameters for macro 'warning'
     1>C:\Program Files (x86)\Microsoft Visual Studio 12.0\VC\include\list(10): warning C4081: expected 'identifier'; found '('
     1>C:\Program Files (x86)\Microsoft Visual Studio 12.0\VC\include\list(14): warning C4081: expected 'identifier'; found '('
     1>C:\Program Files (x86)\Microsoft Visual Studio 12.0\VC\include\list(1990): warning C4081: expected 'identifier'; found '('
     1>C:\kaust\mda\MDA/Base/CoordinateVector.hh(107): warning C4267: 'initializing' : conversion from 'size_t' to 'int', possible loss of data
     1>c:\kaust\mda\mda\array\CoordinateArithmetic.hh(40): warning C4267: 'initializing' : conversion from 'size_t' to 'unsigned int', possible loss of data
     1>c:\kaust\mda\mda\array\CoordinateArithmetic.hh(49): warning C4267: 'initializing' : conversion from 'size_t' to 'unsigned int', possible loss of data
     1>c:\kaust\mda\mda\array\CoordinateArithmetic.hh(58): warning C4267: 'initializing' : conversion from 'size_t' to 'unsigned int', possible loss of data
     1>c:\kaust\mda\mda\array\CoordinateArithmetic.hh(69): warning C4267: 'initializing' : conversion from 'size_t' to 'unsigned int', possible loss of data
     1>c:\kaust\mda\mda\array\CoordinateArithmetic.hh(84): warning C4267: 'initializing' : conversion from 'size_t' to 'unsigned int', possible loss of data
     1>C:\kaust\mda\MDA/LinearAlgebra/Vector.hh(80): warning C4267: 'initializing' : conversion from 'size_t' to 'int', possible loss of data
         XFigWriter.C
     1>C:\Program Files (x86)\Microsoft Visual Studio 12.0\VC\include\xmemory(9): warning C4002: too many actual parameters for macro 'warning'
     1>C:\Program Files (x86)\Microsoft Visual Studio 12.0\VC\include\xmemory(9): warning C4081: expected 'identifier'; found '('
     1>C:\Program Files (x86)\Microsoft Visual Studio 12.0\VC\include\xmemory(13): warning C4081: expected 'identifier'; found '('
     1>C:\Program Files (x86)\Microsoft Visual Studio 12.0\VC\include\xmemory(999): warning C4081: expected 'identifier'; found '('
     1>C:\Program Files (x86)\Microsoft Visual Studio 12.0\VC\include\vector(10): warning C4002: too many actual parameters for macro 'warning'
     1>C:\Program Files (x86)\Microsoft Visual Studio 12.0\VC\include\vector(10): warning C4081: expected 'identifier'; found '('
     1>C:\Program Files (x86)\Microsoft Visual Studio 12.0\VC\include\vector(14): warning C4081: expected 'identifier'; found '('
     1>C:\Program Files (x86)\Microsoft Visual Studio 12.0\VC\include\vector(15): warning C4081: expected 'identifier'; found '('
     1>C:\Program Files (x86)\Microsoft Visual Studio 12.0\VC\include\vector(3034): warning C4081: expected 'identifier'; found '('
     1>C:\Program Files (x86)\Microsoft Visual Studio 12.0\VC\include\iterator(10): warning C4002: too many actual parameters for macro 'warning'
     1>C:\Program Files (x86)\Microsoft Visual Studio 12.0\VC\include\iterator(10): warning C4081: expected 'identifier'; found '('
     1>C:\Program Files (x86)\Microsoft Visual Studio 12.0\VC\include\iterator(737): warning C4081: expected 'identifier'; found '('
     1>C:\Program Files (x86)\Microsoft Visual Studio 12.0\VC\include\string(9): warning C4002: too many actual parameters for macro 'warning'
     1>C:\Program Files (x86)\Microsoft Visual Studio 12.0\VC\include\string(9): warning C4081: expected 'identifier'; found '('
     1>C:\Program Files (x86)\Microsoft Visual Studio 12.0\VC\include\string(13): warning C4081: expected 'identifier'; found '('
     1>C:\Program Files (x86)\Microsoft Visual Studio 12.0\VC\include\string(14): warning C4081: expected 'identifier'; found '('
     1>C:\Program Files (x86)\Microsoft Visual Studio 12.0\VC\include\string(651): warning C4081: expected 'identifier'; found '('
     1>c:\kaust\mda\mda\base\TinyXML/tinyxml.h(30): warning C4081: expected 'identifier'; found '('
     1>c:\kaust\mda\mda\base\TinyXML/tinyxml.h(31): warning C4081: expected 'identifier'; found '('
     1>c:\kaust\mda\mda\base\TinyXML/tinyxml.h(32): warning C4081: expected 'identifier'; found '('
     1>c:\kaust\mda\mda\base\TinyXML/tinyxml.h(1798): warning C4081: expected 'identifier'; found '('
     1>C:\Program Files (x86)\Microsoft Visual Studio 12.0\VC\include\sstream(9): warning C4002: too many actual parameters for macro 'warning'
     1>C:\Program Files (x86)\Microsoft Visual Studio 12.0\VC\include\sstream(9): warning C4081: expected 'identifier'; found '('
     1>C:\Program Files (x86)\Microsoft Visual Studio 12.0\VC\include\sstream(13): warning C4081: expected 'identifier'; found '('
     1>C:\Program Files (x86)\Microsoft Visual Studio 12.0\VC\include\sstream(668): warning C4081: expected 'identifier'; found '('
     1>C:\Program Files (x86)\Microsoft Visual Studio 12.0\VC\include\list(10): warning C4002: too many actual parameters for macro 'warning'
     1>C:\Program Files (x86)\Microsoft Visual Studio 12.0\VC\include\list(10): warning C4081: expected 'identifier'; found '('
     1>C:\Program Files (x86)\Microsoft Visual Studio 12.0\VC\include\list(14): warning C4081: expected 'identifier'; found '('
     1>C:\Program Files (x86)\Microsoft Visual Studio 12.0\VC\include\list(1990): warning C4081: expected 'identifier'; found '('
     1>C:\kaust\mda\MDA/Base/CoordinateVector.hh(107): warning C4267: 'initializing' : conversion from 'size_t' to 'int', possible loss of data
     1>c:\kaust\mda\mda\array\CoordinateArithmetic.hh(40): warning C4267: 'initializing' : conversion from 'size_t' to 'unsigned int', possible loss of data
     1>c:\kaust\mda\mda\array\CoordinateArithmetic.hh(49): warning C4267: 'initializing' : conversion from 'size_t' to 'unsigned int', possible loss of data
     1>c:\kaust\mda\mda\array\CoordinateArithmetic.hh(58): warning C4267: 'initializing' : conversion from 'size_t' to 'unsigned int', possible loss of data
     1>c:\kaust\mda\mda\array\CoordinateArithmetic.hh(69): warning C4267: 'initializing' : conversion from 'size_t' to 'unsigned int', possible loss of data
     1>c:\kaust\mda\mda\array\CoordinateArithmetic.hh(84): warning C4267: 'initializing' : conversion from 'size_t' to 'unsigned int', possible loss of data
     1>C:\kaust\mda\MDA/LinearAlgebra/Vector.hh(80): warning C4267: 'initializing' : conversion from 'size_t' to 'int', possible loss of data
       Lib:
         C:\Program Files (x86)\Microsoft Visual Studio 12.0\VC\bin\x86_amd64\Lib.exe /OUT:"C:\kaust\mda\MDA\mda\x64\Release\GeometricPrimitives.lib" /NOLOGO /MACHINE:X64 /LTCG x64\Release\Line.obj
         x64\Release\Point.obj
         x64\Release\XFigWriter.obj
         geometricPremitives.vcxproj -> C:\kaust\mda\MDA\mda\x64\Release\GeometricPrimitives.lib
     1>Done Building Project "C:\kaust\mda\MDA\GeometricPrimitives\geometricPremitives\geometricPremitives.vcxproj" (Rebuild target(s)).

Build succeeded.

Time Elapsed 00:00:06.16
