c:\kaust\mda\mda\linearalgebra\linearalgebra\x64\release\vc120.pdb
c:\kaust\mda\mda\linearalgebra\linearalgebra\x64\release\vector.obj
c:\kaust\mda\mda\linearalgebra\linearalgebra\x64\release\sparsematrix.obj
c:\kaust\mda\mda\linearalgebra\linearalgebra\x64\release\productmatrix.obj
c:\kaust\mda\mda\linearalgebra\linearalgebra\x64\release\preconditioner.obj
c:\kaust\mda\mda\linearalgebra\linearalgebra\x64\release\poissonsystem.obj
c:\kaust\mda\mda\linearalgebra\linearalgebra\x64\release\multigridpreconditioner.obj
c:\kaust\mda\mda\linearalgebra\linearalgebra\x64\release\matrix.obj
c:\kaust\mda\mda\linearalgebra\linearalgebra\x64\release\linearsolver.obj
c:\kaust\mda\mda\linearalgebra\linearalgebra\x64\release\linearoperator.obj
c:\kaust\mda\mda\linearalgebra\linearalgebra\x64\release\linalgthreading.obj
c:\kaust\mda\mda\linearalgebra\linearalgebra\x64\release\lapackbridge.obj
c:\kaust\mda\mda\linearalgebra\linearalgebra\x64\release\jacobirotation.obj
c:\kaust\mda\mda\linearalgebra\linearalgebra\x64\release\jacobipreconditioner.obj
c:\kaust\mda\mda\linearalgebra\linearalgebra\x64\release\imagespacesystem.obj
c:\kaust\mda\mda\linearalgebra\linearalgebra\x64\release\eigensolver.obj
c:\kaust\mda\mda\linearalgebra\linearalgebra\x64\release\conjugategradient.obj
c:\kaust\mda\mda\mda\x64\release\linearalgebra.lib
c:\kaust\mda\mda\linearalgebra\linearalgebra\x64\release\linearalgebra.tlog\cl.command.1.tlog
c:\kaust\mda\mda\linearalgebra\linearalgebra\x64\release\linearalgebra.tlog\cl.read.1.tlog
c:\kaust\mda\mda\linearalgebra\linearalgebra\x64\release\linearalgebra.tlog\cl.write.1.tlog
c:\kaust\mda\mda\linearalgebra\linearalgebra\x64\release\linearalgebra.tlog\lib-link.read.1.tlog
c:\kaust\mda\mda\linearalgebra\linearalgebra\x64\release\linearalgebra.tlog\lib-link.write.1.tlog
c:\kaust\mda\mda\linearalgebra\linearalgebra\x64\release\linearalgebra.tlog\lib.command.1.tlog
