Build started 7/20/2016 12:14:43 PM.
     1>Project "C:\kaust\mda\MDA\Bin\mda-resize\mda-resize.vcxproj" on node 5 (Rebuild target(s)).
     1>ClCompile:
         C:\Program Files (x86)\Microsoft Visual Studio 12.0\VC\bin\x86_amd64\CL.exe /c /I../../../ /Zi /nologo /W3 /WX- /sdl /Od /D _MBCS /Gm /EHsc /RTC1 /MDd /GS /fp:precise /Zc:wchar_t /Zc:forScope /Fo"x64\Debug\\" /Fd"x64\Debug\vc120.pdb" /Gd /TP /errorReport:prompt "..\mda-resize.C"
         mda-resize.C
     1>C:\kaust\mda\MDA/Base/CoordinateVector.hh(107): warning C4267: 'initializing' : conversion from 'size_t' to 'int', possible loss of data
     1>c:\kaust\mda\mda\array\CoordinateArithmetic.hh(40): warning C4267: 'initializing' : conversion from 'size_t' to 'unsigned int', possible loss of data
     1>c:\kaust\mda\mda\array\CoordinateArithmetic.hh(49): warning C4267: 'initializing' : conversion from 'size_t' to 'unsigned int', possible loss of data
     1>c:\kaust\mda\mda\array\CoordinateArithmetic.hh(58): warning C4267: 'initializing' : conversion from 'size_t' to 'unsigned int', possible loss of data
     1>c:\kaust\mda\mda\array\CoordinateArithmetic.hh(69): warning C4267: 'initializing' : conversion from 'size_t' to 'unsigned int', possible loss of data
     1>c:\kaust\mda\mda\array\CoordinateArithmetic.hh(84): warning C4267: 'initializing' : conversion from 'size_t' to 'unsigned int', possible loss of data
     1>c:\kaust\mda\mda\base\TinyXML/tinyxml.h(30): warning C4081: expected 'identifier'; found '('
     1>c:\kaust\mda\mda\base\TinyXML/tinyxml.h(31): warning C4081: expected 'identifier'; found '('
     1>c:\kaust\mda\mda\base\TinyXML/tinyxml.h(32): warning C4081: expected 'identifier'; found '('
     1>c:\kaust\mda\mda\base\TinyXML/tinyxml.h(1798): warning C4081: expected 'identifier'; found '('
     1>c:\kaust\mda\mda\linearalgebra\Vector.hh(80): warning C4267: 'initializing' : conversion from 'size_t' to 'int', possible loss of data
     1>..\mda-resize.C(45): warning C4267: 'argument' : conversion from 'size_t' to 'unsigned long', possible loss of data
                 ..\mda-resize.C(102) : see reference to function template instantiation 'void doScale<double>(char *,MDA::CoordinateVector,MDA::ResampleMode,MDA::DataType)' being compiled
     1>c:\kaust\mda\mda\geometrictransform\Scaling.hh(51): warning C4018: '<' : signed/unsigned mismatch
                 c:\kaust\mda\mda\geometrictransform\Scaling.hh(47) : while compiling class template member function 'void MDA::Scaling<T>::setScaling(const MDA::Vector &)'
                 with
                 [
                     T=double
                 ]
                 ..\mda-resize.C(45) : see reference to function template instantiation 'void MDA::Scaling<T>::setScaling(const MDA::Vector &)' being compiled
                 with
                 [
                     T=double
                 ]
                 ..\mda-resize.C(44) : see reference to class template instantiation 'MDA::Scaling<T>' being compiled
                 with
                 [
                     T=double
                 ]
                 ..\mda-resize.C(102) : see reference to function template instantiation 'void doScale<double>(char *,MDA::CoordinateVector,MDA::ResampleMode,MDA::DataType)' being compiled
       Link:
         C:\Program Files (x86)\Microsoft Visual Studio 12.0\VC\bin\x86_amd64\link.exe /ERRORREPORT:PROMPT /OUT:"C:\kaust\mda\MDA\mda\x64\Debug\mda-resize.exe" /INCREMENTAL /NOLOGO /LIBPATH:C:\kaust\mda\MDA\mda\x64\Debug /LIBPATH:"C:\dv\pthreads-w32-2-9-1-release\Pre-built.2\lib\x64" /LIBPATH:C:\dv\lapack_3.6.0\build2\lib Array.lib base.lib TinyXML.lib resamping.lib geometricTransform.lib Threading.lib pthreadVC2.lib linearalgebra.lib libblas.lib liblapack.lib kernel32.lib user32.lib gdi32.lib winspool.lib comdlg32.lib advapi32.lib shell32.lib ole32.lib oleaut32.lib uuid.lib odbc32.lib odbccp32.lib /MANIFEST /MANIFESTUAC:"level='asInvoker' uiAccess='false'" /manifest:embed /DEBUG /PDB:"C:\kaust\mda\MDA\mda\x64\Debug\mda-resize.pdb" /TLBID:1 /DYNAMICBASE /NXCOMPAT /IMPLIB:"C:\kaust\mda\MDA\mda\x64\Debug\mda-resize.lib" /MACHINE:X64 "x64\Debug\mda-resize.obj"
         mda-resize.vcxproj -> C:\kaust\mda\MDA\mda\x64\Debug\mda-resize.exe
     1>Done Building Project "C:\kaust\mda\MDA\Bin\mda-resize\mda-resize.vcxproj" (Rebuild target(s)).

Build succeeded.

Time Elapsed 00:00:03.23
