Build started 9/5/2016 1:40:39 PM.
     1>Project "C:\kaust\mda\MDA\Bin\mda-reduce\mda-reduce.vcxproj" on node 6 (Rebuild target(s)).
     1>ClCompile:
         C:\Program Files (x86)\Microsoft Visual Studio 12.0\VC\bin\x86_amd64\CL.exe /c /I../../../ /Zi /nologo /W3 /WX- /sdl /O2 /Oi /GL /D _MBCS /Gm- /EHsc /MT /GS /Gy /fp:precise /Zc:wchar_t /Zc:forScope /Fo"x64\Release\\" /Fd"x64\Release\vc120.pdb" /Gd /TP /errorReport:prompt "..\mda-reduce.C"
         mda-reduce.C
     1>C:\Program Files (x86)\Microsoft Visual Studio 12.0\VC\include\vector(10): warning C4002: too many actual parameters for macro 'warning'
     1>C:\Program Files (x86)\Microsoft Visual Studio 12.0\VC\include\vector(10): warning C4081: expected 'identifier'; found '('
     1>C:\Program Files (x86)\Microsoft Visual Studio 12.0\VC\include\vector(14): warning C4081: expected 'identifier'; found '('
     1>C:\Program Files (x86)\Microsoft Visual Studio 12.0\VC\include\vector(15): warning C4081: expected 'identifier'; found '('
     1>C:\Program Files (x86)\Microsoft Visual Studio 12.0\VC\include\vector(3034): warning C4081: expected 'identifier'; found '('
     1>C:\Program Files (x86)\Microsoft Visual Studio 12.0\VC\include\fstream(9): warning C4002: too many actual parameters for macro 'warning'
     1>C:\Program Files (x86)\Microsoft Visual Studio 12.0\VC\include\fstream(9): warning C4081: expected 'identifier'; found '('
     1>C:\Program Files (x86)\Microsoft Visual Studio 12.0\VC\include\fstream(14): warning C4081: expected 'identifier'; found '('
     1>C:\Program Files (x86)\Microsoft Visual Studio 12.0\VC\include\fstream(611): warning C4081: expected 'identifier'; found '('
     1>C:\Program Files (x86)\Microsoft Visual Studio 12.0\VC\include\fstream(612): warning C4081: expected 'identifier'; found '('
     1>C:\Program Files (x86)\Microsoft Visual Studio 12.0\VC\include\fstream(614): warning C4081: expected 'identifier'; found '('
     1>C:\Program Files (x86)\Microsoft Visual Studio 12.0\VC\include\fstream(1319): warning C4081: expected 'identifier'; found '('
     1>C:\kaust\mda\MDA/Base/CoordinateVector.hh(107): warning C4267: 'initializing' : conversion from 'size_t' to 'int', possible loss of data
     1>C:\kaust\mda\MDA/Base/CommandlineParser.hh(168): warning C4309: 'default argument' : truncation of constant value
                 ..\mda-reduce.C(28) : see reference to class template instantiation 'MDA::ScalarOption<char>' being compiled
     1>..\mda-reduce.C(106): warning C4267: 'initializing' : conversion from 'size_t' to 'int', possible loss of data
     1>..\mda-reduce.C(147): warning C4018: '<' : signed/unsigned mismatch
     1>..\mda-reduce.C(176): warning C4018: '<' : signed/unsigned mismatch
     1>..\mda-reduce.C(179): warning C4018: '<' : signed/unsigned mismatch
     1>..\mda-reduce.C(194): warning C4018: '<' : signed/unsigned mismatch
     1>..\mda-reduce.C(197): warning C4018: '<' : signed/unsigned mismatch
     1>..\mda-reduce.C(210): warning C4018: '<' : signed/unsigned mismatch
     1>..\mda-reduce.C(254): warning C4018: '<' : signed/unsigned mismatch
       Link:
         C:\Program Files (x86)\Microsoft Visual Studio 12.0\VC\bin\x86_amd64\link.exe /ERRORREPORT:PROMPT /OUT:"C:\kaust\mda\MDA\mda\x64\Release\mda-reduce.exe" /NOLOGO /LIBPATH:C:\kaust\mda\MDA\mda\x64\Release Base.lib Array.lib Expressions.lib kernel32.lib user32.lib gdi32.lib winspool.lib comdlg32.lib advapi32.lib shell32.lib ole32.lib oleaut32.lib uuid.lib odbc32.lib odbccp32.lib /MANIFEST /MANIFESTUAC:"level='asInvoker' uiAccess='false'" /manifest:embed /DEBUG /PDB:"C:\kaust\mda\MDA\mda\x64\Release\mda-reduce.pdb" /OPT:REF /OPT:ICF /LTCG /TLBID:1 /DYNAMICBASE /NXCOMPAT /IMPLIB:"C:\kaust\mda\MDA\mda\x64\Release\mda-reduce.lib" /MACHINE:X64 "x64\Release\mda-reduce.obj"
         Generating code
         Finished generating code
         mda-reduce.vcxproj -> C:\kaust\mda\MDA\mda\x64\Release\mda-reduce.exe
     1>Done Building Project "C:\kaust\mda\MDA\Bin\mda-reduce\mda-reduce.vcxproj" (Rebuild target(s)).

Build succeeded.

Time Elapsed 00:00:09.19
