c:\kaust\mda\mda\color\color\x64\release\vc120.pdb
c:\kaust\mda\mda\color\color\x64\release\yuvspace.obj
c:\kaust\mda\mda\color\color\x64\release\whitepoint.obj
c:\kaust\mda\mda\color\color\x64\release\whitebalance.obj
c:\kaust\mda\mda\color\color\x64\release\tonecurvefactory.obj
c:\kaust\mda\mda\color\color\x64\release\tonecurve.obj
c:\kaust\mda\mda\color\color\x64\release\spectrum.obj
c:\kaust\mda\mda\color\color\x64\release\spectralbasis.obj
c:\kaust\mda\mda\color\color\x64\release\lineartristimulusspace.obj
c:\kaust\mda\mda\color\color\x64\release\gammacorrectedspace.obj
c:\kaust\mda\mda\color\color\x64\release\gamma.obj
c:\kaust\mda\mda\color\color\x64\release\colorspacefactory.obj
c:\kaust\mda\mda\color\color\x64\release\colorspace.obj
c:\kaust\mda\mda\color\color\x64\release\cieluvspace.obj
c:\kaust\mda\mda\color\color\x64\release\cielabspace.obj
c:\kaust\mda\mda\mda\x64\release\color.lib
c:\kaust\mda\mda\color\color\x64\release\color.tlog\cl.command.1.tlog
c:\kaust\mda\mda\color\color\x64\release\color.tlog\cl.read.1.tlog
c:\kaust\mda\mda\color\color\x64\release\color.tlog\cl.write.1.tlog
c:\kaust\mda\mda\color\color\x64\release\color.tlog\lib-link.read.1.tlog
c:\kaust\mda\mda\color\color\x64\release\color.tlog\lib-link.write.1.tlog
c:\kaust\mda\mda\color\color\x64\release\color.tlog\lib.command.1.tlog
