Build started 7/20/2016 12:14:28 PM.
     1>Project "C:\kaust\mda\MDA\DataAnalysis\dataAnalysis\dataAnalysis.vcxproj" on node 5 (Rebuild target(s)).
     1>ClCompile:
         C:\Program Files (x86)\Microsoft Visual Studio 12.0\VC\bin\x86_amd64\CL.exe /c /I../../../ /Zi /nologo /W3 /WX- /sdl /Od /D _MBCS /Gm /EHsc /RTC1 /MDd /GS /fp:precise /Zc:wchar_t /Zc:forScope /Fo"x64\Debug\\" /Fd"x64\Debug\vc120.pdb" /Gd /TP /errorReport:prompt ..\ClusterModifier.C ..\GeometricPrimitiveFitting.C ..\KMeansClustering.C ..\lloydQuadFinder.C ..\SampleVector.C
         SampleVector.C
     1>c:\kaust\mda\mda\base\TinyXML/tinyxml.h(30): warning C4081: expected 'identifier'; found '('
     1>c:\kaust\mda\mda\base\TinyXML/tinyxml.h(31): warning C4081: expected 'identifier'; found '('
     1>c:\kaust\mda\mda\base\TinyXML/tinyxml.h(32): warning C4081: expected 'identifier'; found '('
     1>c:\kaust\mda\mda\base\TinyXML/tinyxml.h(1798): warning C4081: expected 'identifier'; found '('
     1>C:\kaust\mda\MDA/Base/CoordinateVector.hh(107): warning C4267: 'initializing' : conversion from 'size_t' to 'int', possible loss of data
     1>c:\kaust\mda\mda\array\CoordinateArithmetic.hh(40): warning C4267: 'initializing' : conversion from 'size_t' to 'unsigned int', possible loss of data
     1>c:\kaust\mda\mda\array\CoordinateArithmetic.hh(49): warning C4267: 'initializing' : conversion from 'size_t' to 'unsigned int', possible loss of data
     1>c:\kaust\mda\mda\array\CoordinateArithmetic.hh(58): warning C4267: 'initializing' : conversion from 'size_t' to 'unsigned int', possible loss of data
     1>c:\kaust\mda\mda\array\CoordinateArithmetic.hh(69): warning C4267: 'initializing' : conversion from 'size_t' to 'unsigned int', possible loss of data
     1>c:\kaust\mda\mda\array\CoordinateArithmetic.hh(84): warning C4267: 'initializing' : conversion from 'size_t' to 'unsigned int', possible loss of data
     1>c:\kaust\mda\mda\linearalgebra\Vector.hh(80): warning C4267: 'initializing' : conversion from 'size_t' to 'int', possible loss of data
     1>..\SampleVector.C(27): warning C4267: 'initializing' : conversion from 'size_t' to 'unsigned int', possible loss of data
     1>..\SampleVector.C(50): warning C4267: 'initializing' : conversion from 'size_t' to 'unsigned int', possible loss of data
         lloydQuadFinder.C
     1>c:\kaust\mda\mda\base\TinyXML/tinyxml.h(30): warning C4081: expected 'identifier'; found '('
     1>c:\kaust\mda\mda\base\TinyXML/tinyxml.h(31): warning C4081: expected 'identifier'; found '('
     1>c:\kaust\mda\mda\base\TinyXML/tinyxml.h(32): warning C4081: expected 'identifier'; found '('
     1>c:\kaust\mda\mda\base\TinyXML/tinyxml.h(1798): warning C4081: expected 'identifier'; found '('
     1>C:\kaust\mda\MDA/Base/CoordinateVector.hh(107): warning C4267: 'initializing' : conversion from 'size_t' to 'int', possible loss of data
     1>c:\kaust\mda\mda\array\CoordinateArithmetic.hh(40): warning C4267: 'initializing' : conversion from 'size_t' to 'unsigned int', possible loss of data
     1>c:\kaust\mda\mda\array\CoordinateArithmetic.hh(49): warning C4267: 'initializing' : conversion from 'size_t' to 'unsigned int', possible loss of data
     1>c:\kaust\mda\mda\array\CoordinateArithmetic.hh(58): warning C4267: 'initializing' : conversion from 'size_t' to 'unsigned int', possible loss of data
     1>c:\kaust\mda\mda\array\CoordinateArithmetic.hh(69): warning C4267: 'initializing' : conversion from 'size_t' to 'unsigned int', possible loss of data
     1>c:\kaust\mda\mda\array\CoordinateArithmetic.hh(84): warning C4267: 'initializing' : conversion from 'size_t' to 'unsigned int', possible loss of data
     1>c:\kaust\mda\mda\linearalgebra\Vector.hh(80): warning C4267: 'initializing' : conversion from 'size_t' to 'int', possible loss of data
     1>c:\kaust\mda\mda\dataanalysis\KMeansClustering.hh(129): warning C4018: '<' : signed/unsigned mismatch
     1>C:\Program Files (x86)\Microsoft Visual Studio 12.0\VC\include\algorithm(9): warning C4002: too many actual parameters for macro 'warning'
     1>C:\Program Files (x86)\Microsoft Visual Studio 12.0\VC\include\algorithm(9): warning C4081: expected 'identifier'; found '('
     1>C:\Program Files (x86)\Microsoft Visual Studio 12.0\VC\include\algorithm(12): warning C4081: expected 'identifier'; found '('
     1>C:\Program Files (x86)\Microsoft Visual Studio 12.0\VC\include\algorithm(4368): warning C4081: expected 'identifier'; found '('
         KMeansClustering.C
     1>C:\Program Files (x86)\Microsoft Visual Studio 12.0\VC\include\vector(10): warning C4002: too many actual parameters for macro 'warning'
     1>C:\Program Files (x86)\Microsoft Visual Studio 12.0\VC\include\vector(10): warning C4081: expected 'identifier'; found '('
     1>C:\Program Files (x86)\Microsoft Visual Studio 12.0\VC\include\vector(14): warning C4081: expected 'identifier'; found '('
     1>C:\Program Files (x86)\Microsoft Visual Studio 12.0\VC\include\vector(15): warning C4081: expected 'identifier'; found '('
     1>C:\Program Files (x86)\Microsoft Visual Studio 12.0\VC\include\vector(3034): warning C4081: expected 'identifier'; found '('
     1>C:\Program Files (x86)\Microsoft Visual Studio 12.0\VC\include\iterator(10): warning C4002: too many actual parameters for macro 'warning'
     1>C:\Program Files (x86)\Microsoft Visual Studio 12.0\VC\include\iterator(10): warning C4081: expected 'identifier'; found '('
     1>C:\Program Files (x86)\Microsoft Visual Studio 12.0\VC\include\iterator(737): warning C4081: expected 'identifier'; found '('
     1>C:\Program Files (x86)\Microsoft Visual Studio 12.0\VC\include\string(9): warning C4002: too many actual parameters for macro 'warning'
     1>C:\Program Files (x86)\Microsoft Visual Studio 12.0\VC\include\string(9): warning C4081: expected 'identifier'; found '('
     1>C:\Program Files (x86)\Microsoft Visual Studio 12.0\VC\include\string(13): warning C4081: expected 'identifier'; found '('
     1>C:\Program Files (x86)\Microsoft Visual Studio 12.0\VC\include\string(14): warning C4081: expected 'identifier'; found '('
     1>C:\Program Files (x86)\Microsoft Visual Studio 12.0\VC\include\string(651): warning C4081: expected 'identifier'; found '('
     1>c:\kaust\mda\mda\base\TinyXML/tinyxml.h(30): warning C4081: expected 'identifier'; found '('
     1>c:\kaust\mda\mda\base\TinyXML/tinyxml.h(31): warning C4081: expected 'identifier'; found '('
     1>c:\kaust\mda\mda\base\TinyXML/tinyxml.h(32): warning C4081: expected 'identifier'; found '('
     1>c:\kaust\mda\mda\base\TinyXML/tinyxml.h(1798): warning C4081: expected 'identifier'; found '('
     1>C:\Program Files (x86)\Microsoft Visual Studio 12.0\VC\include\sstream(9): warning C4002: too many actual parameters for macro 'warning'
     1>C:\Program Files (x86)\Microsoft Visual Studio 12.0\VC\include\sstream(9): warning C4081: expected 'identifier'; found '('
     1>C:\Program Files (x86)\Microsoft Visual Studio 12.0\VC\include\sstream(13): warning C4081: expected 'identifier'; found '('
     1>C:\Program Files (x86)\Microsoft Visual Studio 12.0\VC\include\sstream(668): warning C4081: expected 'identifier'; found '('
     1>C:\Program Files (x86)\Microsoft Visual Studio 12.0\VC\include\list(10): warning C4002: too many actual parameters for macro 'warning'
     1>C:\Program Files (x86)\Microsoft Visual Studio 12.0\VC\include\list(10): warning C4081: expected 'identifier'; found '('
     1>C:\Program Files (x86)\Microsoft Visual Studio 12.0\VC\include\list(14): warning C4081: expected 'identifier'; found '('
     1>C:\Program Files (x86)\Microsoft Visual Studio 12.0\VC\include\list(1990): warning C4081: expected 'identifier'; found '('
     1>C:\kaust\mda\MDA/Base/CoordinateVector.hh(107): warning C4267: 'initializing' : conversion from 'size_t' to 'int', possible loss of data
     1>c:\kaust\mda\mda\array\CoordinateArithmetic.hh(40): warning C4267: 'initializing' : conversion from 'size_t' to 'unsigned int', possible loss of data
     1>c:\kaust\mda\mda\array\CoordinateArithmetic.hh(49): warning C4267: 'initializing' : conversion from 'size_t' to 'unsigned int', possible loss of data
     1>c:\kaust\mda\mda\array\CoordinateArithmetic.hh(58): warning C4267: 'initializing' : conversion from 'size_t' to 'unsigned int', possible loss of data
     1>c:\kaust\mda\mda\array\CoordinateArithmetic.hh(69): warning C4267: 'initializing' : conversion from 'size_t' to 'unsigned int', possible loss of data
     1>c:\kaust\mda\mda\array\CoordinateArithmetic.hh(84): warning C4267: 'initializing' : conversion from 'size_t' to 'unsigned int', possible loss of data
     1>c:\kaust\mda\mda\linearalgebra\Vector.hh(80): warning C4267: 'initializing' : conversion from 'size_t' to 'int', possible loss of data
     1>c:\kaust\mda\mda\dataanalysis\KMeansClustering.hh(129): warning C4018: '<' : signed/unsigned mismatch
     1>..\KMeansClustering.C(37): warning C4267: 'initializing' : conversion from 'size_t' to 'unsigned long', possible loss of data
     1>..\KMeansClustering.C(44): warning C4018: '<' : signed/unsigned mismatch
     1>..\KMeansClustering.C(98): warning C4267: 'initializing' : conversion from 'size_t' to 'unsigned long', possible loss of data
     1>..\KMeansClustering.C(170): warning C4018: '<' : signed/unsigned mismatch
     1>..\KMeansClustering.C(174): warning C4018: '<' : signed/unsigned mismatch
     1>..\KMeansClustering.C(219): warning C4267: 'initializing' : conversion from 'size_t' to 'unsigned long', possible loss of data
     1>..\KMeansClustering.C(247): warning C4018: '<' : signed/unsigned mismatch
     1>..\KMeansClustering.C(191): warning C4101: 'j' : unreferenced local variable
     1>..\KMeansClustering.C(272): warning C4018: '<' : signed/unsigned mismatch
     1>..\KMeansClustering.C(273): warning C4018: '<' : signed/unsigned mismatch
     1>..\KMeansClustering.C(297): warning C4018: '<' : signed/unsigned mismatch
     1>..\KMeansClustering.C(300): warning C4267: 'initializing' : conversion from 'size_t' to 'unsigned long', possible loss of data
     1>..\KMeansClustering.C(301): warning C4018: '<' : signed/unsigned mismatch
     1>..\KMeansClustering.C(312): warning C4018: '<' : signed/unsigned mismatch
     1>..\KMeansClustering.C(320): warning C4018: '<' : signed/unsigned mismatch
     1>..\KMeansClustering.C(325): warning C4018: '<' : signed/unsigned mismatch
     1>..\KMeansClustering.C(337): warning C4018: '<' : signed/unsigned mismatch
     1>..\KMeansClustering.C(356): warning C4018: '<' : signed/unsigned mismatch
     1>..\KMeansClustering.C(363): warning C4267: 'initializing' : conversion from 'size_t' to 'unsigned long', possible loss of data
     1>..\KMeansClustering.C(377): warning C4244: '=' : conversion from 'double' to 'unsigned long', possible loss of data
     1>..\KMeansClustering.C(385): warning C4018: '<' : signed/unsigned mismatch
     1>..\KMeansClustering.C(416): warning C4018: '<' : signed/unsigned mismatch
     1>..\KMeansClustering.C(425): warning C4244: 'return' : conversion from 'double' to 'unsigned int', possible loss of data
         GeometricPrimitiveFitting.C
     1>C:\Program Files (x86)\Microsoft Visual Studio 12.0\VC\include\vector(10): warning C4002: too many actual parameters for macro 'warning'
     1>C:\Program Files (x86)\Microsoft Visual Studio 12.0\VC\include\vector(10): warning C4081: expected 'identifier'; found '('
     1>C:\Program Files (x86)\Microsoft Visual Studio 12.0\VC\include\vector(14): warning C4081: expected 'identifier'; found '('
     1>C:\Program Files (x86)\Microsoft Visual Studio 12.0\VC\include\vector(15): warning C4081: expected 'identifier'; found '('
     1>C:\Program Files (x86)\Microsoft Visual Studio 12.0\VC\include\vector(3034): warning C4081: expected 'identifier'; found '('
     1>C:\Program Files (x86)\Microsoft Visual Studio 12.0\VC\include\iterator(10): warning C4002: too many actual parameters for macro 'warning'
     1>C:\Program Files (x86)\Microsoft Visual Studio 12.0\VC\include\iterator(10): warning C4081: expected 'identifier'; found '('
     1>C:\Program Files (x86)\Microsoft Visual Studio 12.0\VC\include\iterator(737): warning C4081: expected 'identifier'; found '('
     1>C:\Program Files (x86)\Microsoft Visual Studio 12.0\VC\include\string(9): warning C4002: too many actual parameters for macro 'warning'
     1>C:\Program Files (x86)\Microsoft Visual Studio 12.0\VC\include\string(9): warning C4081: expected 'identifier'; found '('
     1>C:\Program Files (x86)\Microsoft Visual Studio 12.0\VC\include\string(13): warning C4081: expected 'identifier'; found '('
     1>C:\Program Files (x86)\Microsoft Visual Studio 12.0\VC\include\string(14): warning C4081: expected 'identifier'; found '('
     1>C:\Program Files (x86)\Microsoft Visual Studio 12.0\VC\include\string(651): warning C4081: expected 'identifier'; found '('
     1>c:\kaust\mda\mda\base\TinyXML/tinyxml.h(30): warning C4081: expected 'identifier'; found '('
     1>c:\kaust\mda\mda\base\TinyXML/tinyxml.h(31): warning C4081: expected 'identifier'; found '('
     1>c:\kaust\mda\mda\base\TinyXML/tinyxml.h(32): warning C4081: expected 'identifier'; found '('
     1>c:\kaust\mda\mda\base\TinyXML/tinyxml.h(1798): warning C4081: expected 'identifier'; found '('
     1>C:\Program Files (x86)\Microsoft Visual Studio 12.0\VC\include\sstream(9): warning C4002: too many actual parameters for macro 'warning'
     1>C:\Program Files (x86)\Microsoft Visual Studio 12.0\VC\include\sstream(9): warning C4081: expected 'identifier'; found '('
     1>C:\Program Files (x86)\Microsoft Visual Studio 12.0\VC\include\sstream(13): warning C4081: expected 'identifier'; found '('
     1>C:\Program Files (x86)\Microsoft Visual Studio 12.0\VC\include\sstream(668): warning C4081: expected 'identifier'; found '('
     1>C:\Program Files (x86)\Microsoft Visual Studio 12.0\VC\include\list(10): warning C4002: too many actual parameters for macro 'warning'
     1>C:\Program Files (x86)\Microsoft Visual Studio 12.0\VC\include\list(10): warning C4081: expected 'identifier'; found '('
     1>C:\Program Files (x86)\Microsoft Visual Studio 12.0\VC\include\list(14): warning C4081: expected 'identifier'; found '('
     1>C:\Program Files (x86)\Microsoft Visual Studio 12.0\VC\include\list(1990): warning C4081: expected 'identifier'; found '('
     1>C:\kaust\mda\MDA/Base/CoordinateVector.hh(107): warning C4267: 'initializing' : conversion from 'size_t' to 'int', possible loss of data
     1>c:\kaust\mda\mda\array\CoordinateArithmetic.hh(40): warning C4267: 'initializing' : conversion from 'size_t' to 'unsigned int', possible loss of data
     1>c:\kaust\mda\mda\array\CoordinateArithmetic.hh(49): warning C4267: 'initializing' : conversion from 'size_t' to 'unsigned int', possible loss of data
     1>c:\kaust\mda\mda\array\CoordinateArithmetic.hh(58): warning C4267: 'initializing' : conversion from 'size_t' to 'unsigned int', possible loss of data
     1>c:\kaust\mda\mda\array\CoordinateArithmetic.hh(69): warning C4267: 'initializing' : conversion from 'size_t' to 'unsigned int', possible loss of data
     1>c:\kaust\mda\mda\array\CoordinateArithmetic.hh(84): warning C4267: 'initializing' : conversion from 'size_t' to 'unsigned int', possible loss of data
     1>C:\kaust\mda\MDA/LinearAlgebra/Vector.hh(80): warning C4267: 'initializing' : conversion from 'size_t' to 'int', possible loss of data
         ClusterModifier.C
     1>C:\Program Files (x86)\Microsoft Visual Studio 12.0\VC\include\iterator(10): warning C4002: too many actual parameters for macro 'warning'
     1>C:\Program Files (x86)\Microsoft Visual Studio 12.0\VC\include\iterator(10): warning C4081: expected 'identifier'; found '('
     1>C:\Program Files (x86)\Microsoft Visual Studio 12.0\VC\include\iterator(737): warning C4081: expected 'identifier'; found '('
     1>C:\Program Files (x86)\Microsoft Visual Studio 12.0\VC\include\string(9): warning C4002: too many actual parameters for macro 'warning'
     1>C:\Program Files (x86)\Microsoft Visual Studio 12.0\VC\include\string(9): warning C4081: expected 'identifier'; found '('
     1>C:\Program Files (x86)\Microsoft Visual Studio 12.0\VC\include\string(13): warning C4081: expected 'identifier'; found '('
     1>C:\Program Files (x86)\Microsoft Visual Studio 12.0\VC\include\string(14): warning C4081: expected 'identifier'; found '('
     1>C:\Program Files (x86)\Microsoft Visual Studio 12.0\VC\include\string(651): warning C4081: expected 'identifier'; found '('
     1>c:\kaust\mda\mda\base\TinyXML/tinyxml.h(30): warning C4081: expected 'identifier'; found '('
     1>c:\kaust\mda\mda\base\TinyXML/tinyxml.h(31): warning C4081: expected 'identifier'; found '('
     1>c:\kaust\mda\mda\base\TinyXML/tinyxml.h(32): warning C4081: expected 'identifier'; found '('
     1>c:\kaust\mda\mda\base\TinyXML/tinyxml.h(1798): warning C4081: expected 'identifier'; found '('
     1>C:\Program Files (x86)\Microsoft Visual Studio 12.0\VC\include\sstream(9): warning C4002: too many actual parameters for macro 'warning'
     1>C:\Program Files (x86)\Microsoft Visual Studio 12.0\VC\include\sstream(9): warning C4081: expected 'identifier'; found '('
     1>C:\Program Files (x86)\Microsoft Visual Studio 12.0\VC\include\sstream(13): warning C4081: expected 'identifier'; found '('
     1>C:\Program Files (x86)\Microsoft Visual Studio 12.0\VC\include\sstream(668): warning C4081: expected 'identifier'; found '('
     1>C:\Program Files (x86)\Microsoft Visual Studio 12.0\VC\include\list(10): warning C4002: too many actual parameters for macro 'warning'
     1>C:\Program Files (x86)\Microsoft Visual Studio 12.0\VC\include\list(10): warning C4081: expected 'identifier'; found '('
     1>C:\Program Files (x86)\Microsoft Visual Studio 12.0\VC\include\list(14): warning C4081: expected 'identifier'; found '('
     1>C:\Program Files (x86)\Microsoft Visual Studio 12.0\VC\include\list(1990): warning C4081: expected 'identifier'; found '('
     1>C:\kaust\mda\MDA/Base/CoordinateVector.hh(107): warning C4267: 'initializing' : conversion from 'size_t' to 'int', possible loss of data
     1>c:\kaust\mda\mda\array\CoordinateArithmetic.hh(40): warning C4267: 'initializing' : conversion from 'size_t' to 'unsigned int', possible loss of data
     1>c:\kaust\mda\mda\array\CoordinateArithmetic.hh(49): warning C4267: 'initializing' : conversion from 'size_t' to 'unsigned int', possible loss of data
     1>c:\kaust\mda\mda\array\CoordinateArithmetic.hh(58): warning C4267: 'initializing' : conversion from 'size_t' to 'unsigned int', possible loss of data
     1>c:\kaust\mda\mda\array\CoordinateArithmetic.hh(69): warning C4267: 'initializing' : conversion from 'size_t' to 'unsigned int', possible loss of data
     1>c:\kaust\mda\mda\array\CoordinateArithmetic.hh(84): warning C4267: 'initializing' : conversion from 'size_t' to 'unsigned int', possible loss of data
     1>C:\kaust\mda\MDA/LinearAlgebra/Vector.hh(80): warning C4267: 'initializing' : conversion from 'size_t' to 'int', possible loss of data
     1>..\ClusterModifier.C(48): warning C4267: 'initializing' : conversion from 'size_t' to 'unsigned long', possible loss of data
     1>..\ClusterModifier.C(107): warning C4018: '>' : signed/unsigned mismatch
         Generating Code...
       Lib:
         C:\Program Files (x86)\Microsoft Visual Studio 12.0\VC\bin\x86_amd64\Lib.exe /OUT:"C:\kaust\mda\MDA\mda\x64\Debug\dataAnalysis.lib" /NOLOGO /MACHINE:X64 x64\Debug\ClusterModifier.obj
         x64\Debug\GeometricPrimitiveFitting.obj
         x64\Debug\KMeansClustering.obj
         x64\Debug\lloydQuadFinder.obj
         x64\Debug\SampleVector.obj
         dataAnalysis.vcxproj -> C:\kaust\mda\MDA\mda\x64\Debug\dataAnalysis.lib
     1>Done Building Project "C:\kaust\mda\MDA\DataAnalysis\dataAnalysis\dataAnalysis.vcxproj" (Rebuild target(s)).

Build succeeded.

Time Elapsed 00:00:08.94
