Build started 9/5/2016 1:39:54 PM.
     1>Project "C:\kaust\mda\MDA\Bin\mda-toimage\mda-toimage.vcxproj" on node 2 (Rebuild target(s)).
     1>ClCompile:
         C:\Program Files (x86)\Microsoft Visual Studio 12.0\VC\bin\x86_amd64\CL.exe /c /I../../../ /I"C:\dv\ImageMagick-7.0.2-Q8\include" /Zi /nologo /W3 /WX- /sdl /O2 /Oi /GL /D _MBCS /Gm- /EHsc /MT /GS /Gy /fp:precise /Zc:wchar_t /Zc:forScope /Fo"x64\Release\\" /Fd"x64\Release\vc120.pdb" /Gd /TP /errorReport:prompt "..\mda-toimage.C"
         mda-toimage.C
     1>C:\Program Files (x86)\Microsoft Visual Studio 12.0\VC\include\fstream(9): warning C4002: too many actual parameters for macro 'warning'
     1>C:\Program Files (x86)\Microsoft Visual Studio 12.0\VC\include\fstream(9): warning C4081: expected 'identifier'; found '('
     1>C:\Program Files (x86)\Microsoft Visual Studio 12.0\VC\include\fstream(14): warning C4081: expected 'identifier'; found '('
     1>C:\Program Files (x86)\Microsoft Visual Studio 12.0\VC\include\fstream(611): warning C4081: expected 'identifier'; found '('
     1>C:\Program Files (x86)\Microsoft Visual Studio 12.0\VC\include\fstream(612): warning C4081: expected 'identifier'; found '('
     1>C:\Program Files (x86)\Microsoft Visual Studio 12.0\VC\include\fstream(614): warning C4081: expected 'identifier'; found '('
     1>C:\Program Files (x86)\Microsoft Visual Studio 12.0\VC\include\fstream(1319): warning C4081: expected 'identifier'; found '('
     1>C:\kaust\mda\MDA/Base/CoordinateVector.hh(107): warning C4267: 'initializing' : conversion from 'size_t' to 'int', possible loss of data
     1>..\mda-toimage.C(62): warning C4267: 'initializing' : conversion from 'size_t' to 'unsigned int', possible loss of data
     1>..\mda-toimage.C(134): warning C4018: '<' : signed/unsigned mismatch
     1>..\mda-toimage.C(136): warning C4244: '=' : conversion from 'unsigned short' to 'MagickCore::Quantum', possible loss of data
     1>..\mda-toimage.C(140): warning C4244: '=' : conversion from 'unsigned short' to 'MagickCore::Quantum', possible loss of data
     1>..\mda-toimage.C(142): warning C4244: '=' : conversion from 'unsigned short' to 'MagickCore::Quantum', possible loss of data
     1>..\mda-toimage.C(146): warning C4244: '=' : conversion from 'unsigned short' to 'MagickCore::Quantum', possible loss of data
     1>..\mda-toimage.C(148): warning C4244: '=' : conversion from 'unsigned short' to 'MagickCore::Quantum', possible loss of data
     1>..\mda-toimage.C(150): warning C4244: '=' : conversion from 'unsigned short' to 'MagickCore::Quantum', possible loss of data
     1>..\mda-toimage.C(154): warning C4244: '=' : conversion from 'unsigned short' to 'MagickCore::Quantum', possible loss of data
     1>..\mda-toimage.C(157): warning C4244: '=' : conversion from 'unsigned short' to 'MagickCore::Quantum', possible loss of data
       Link:
         C:\Program Files (x86)\Microsoft Visual Studio 12.0\VC\bin\x86_amd64\link.exe /ERRORREPORT:PROMPT /OUT:"C:\kaust\mda\MDA\mda\x64\Release\mda-toimage.exe" /NOLOGO /LIBPATH:C:\kaust\mda\MDA\mda\x64\Release /LIBPATH:"C:\dv\ImageMagick-7.0.2-Q8\lib" Base.lib TinyXML.lib Array.lib Color.lib CameraCalibration.lib CORE_RL_Magick++_.lib CORE_RL_MagickCore_.lib CORE_RL_MagickWand_.lib kernel32.lib user32.lib gdi32.lib winspool.lib comdlg32.lib advapi32.lib shell32.lib ole32.lib oleaut32.lib uuid.lib odbc32.lib odbccp32.lib /MANIFEST /MANIFESTUAC:"level='asInvoker' uiAccess='false'" /manifest:embed /DEBUG /PDB:"C:\kaust\mda\MDA\mda\x64\Release\mda-toimage.pdb" /OPT:REF /OPT:ICF /LTCG /TLBID:1 /DYNAMICBASE /NXCOMPAT /IMPLIB:"C:\kaust\mda\MDA\mda\x64\Release\mda-toimage.lib" /MACHINE:X64 "x64\Release\mda-toimage.obj"
         Generating code
         Finished generating code
         mda-toimage.vcxproj -> C:\kaust\mda\MDA\mda\x64\Release\mda-toimage.exe
     1>Done Building Project "C:\kaust\mda\MDA\Bin\mda-toimage\mda-toimage.vcxproj" (Rebuild target(s)).

Build succeeded.

Time Elapsed 00:00:06.02
