Build started 7/20/2016 12:14:45 PM.
     1>Project "C:\kaust\mda\MDA\Bin\mda-pad\mda-pad.vcxproj" on node 2 (Rebuild target(s)).
     1>ClCompile:
         C:\Program Files (x86)\Microsoft Visual Studio 12.0\VC\bin\x86_amd64\CL.exe /c /I../../../ /Zi /nologo /W3 /WX- /sdl /Od /D _MBCS /Gm /EHsc /RTC1 /MDd /GS /fp:precise /Zc:wchar_t /Zc:forScope /Fo"x64\Debug\\" /Fd"x64\Debug\vc120.pdb" /Gd /TP /errorReport:prompt "..\mda-pad.C"
         mda-pad.C
     1>C:\Program Files (x86)\Microsoft Visual Studio 12.0\VC\include\vector(10): warning C4002: too many actual parameters for macro 'warning'
     1>C:\Program Files (x86)\Microsoft Visual Studio 12.0\VC\include\vector(10): warning C4081: expected 'identifier'; found '('
     1>C:\Program Files (x86)\Microsoft Visual Studio 12.0\VC\include\vector(14): warning C4081: expected 'identifier'; found '('
     1>C:\Program Files (x86)\Microsoft Visual Studio 12.0\VC\include\vector(15): warning C4081: expected 'identifier'; found '('
     1>C:\Program Files (x86)\Microsoft Visual Studio 12.0\VC\include\vector(3034): warning C4081: expected 'identifier'; found '('
     1>C:\Program Files (x86)\Microsoft Visual Studio 12.0\VC\include\fstream(9): warning C4002: too many actual parameters for macro 'warning'
     1>C:\Program Files (x86)\Microsoft Visual Studio 12.0\VC\include\fstream(9): warning C4081: expected 'identifier'; found '('
     1>C:\Program Files (x86)\Microsoft Visual Studio 12.0\VC\include\fstream(14): warning C4081: expected 'identifier'; found '('
     1>C:\Program Files (x86)\Microsoft Visual Studio 12.0\VC\include\fstream(611): warning C4081: expected 'identifier'; found '('
     1>C:\Program Files (x86)\Microsoft Visual Studio 12.0\VC\include\fstream(612): warning C4081: expected 'identifier'; found '('
     1>C:\Program Files (x86)\Microsoft Visual Studio 12.0\VC\include\fstream(614): warning C4081: expected 'identifier'; found '('
     1>C:\Program Files (x86)\Microsoft Visual Studio 12.0\VC\include\fstream(1319): warning C4081: expected 'identifier'; found '('
     1>C:\kaust\mda\MDA/Base/CoordinateVector.hh(107): warning C4267: 'initializing' : conversion from 'size_t' to 'int', possible loss of data
     1>..\mda-pad.C(33): warning C4267: 'initializing' : conversion from 'size_t' to 'int', possible loss of data
     1>..\mda-pad.C(34): warning C4018: '<' : signed/unsigned mismatch
     1>..\mda-pad.C(35): warning C4018: '>' : signed/unsigned mismatch
     1>..\mda-pad.C(97): warning C4267: 'initializing' : conversion from 'size_t' to 'unsigned int', possible loss of data
     1>..\mda-pad.C(104): warning C4267: 'initializing' : conversion from 'size_t' to 'unsigned int', possible loss of data
     1>..\mda-pad.C(117): warning C4018: '<' : signed/unsigned mismatch
     1>..\mda-pad.C(122): warning C4018: '<' : signed/unsigned mismatch
     1>..\mda-pad.C(151): warning C4267: '=' : conversion from 'size_t' to 'unsigned long', possible loss of data
     1>..\mda-pad.C(153): warning C4267: '=' : conversion from 'size_t' to 'unsigned long', possible loss of data
     1>..\mda-pad.C(179): warning C4018: '<' : signed/unsigned mismatch
     1>..\mda-pad.C(43): warning C4101: 'k' : unreferenced local variable
     1>..\mda-pad.C(43): warning C4101: 'j' : unreferenced local variable
       Link:
         C:\Program Files (x86)\Microsoft Visual Studio 12.0\VC\bin\x86_amd64\link.exe /ERRORREPORT:PROMPT /OUT:"C:\kaust\mda\MDA\mda\x64\Debug\mda-pad.exe" /INCREMENTAL /NOLOGO /LIBPATH:C:\kaust\mda\MDA\mda\x64\Debug base.lib TinyXML.lib Array.lib expressions.lib kernel32.lib user32.lib gdi32.lib winspool.lib comdlg32.lib advapi32.lib shell32.lib ole32.lib oleaut32.lib uuid.lib odbc32.lib odbccp32.lib /MANIFEST /MANIFESTUAC:"level='asInvoker' uiAccess='false'" /manifest:embed /DEBUG /PDB:"C:\kaust\mda\MDA\mda\x64\Debug\mda-pad.pdb" /TLBID:1 /DYNAMICBASE /NXCOMPAT /IMPLIB:"C:\kaust\mda\MDA\mda\x64\Debug\mda-pad.lib" /MACHINE:X64 "x64\Debug\mda-pad.obj"
         mda-pad.vcxproj -> C:\kaust\mda\MDA\mda\x64\Debug\mda-pad.exe
     1>Done Building Project "C:\kaust\mda\MDA\Bin\mda-pad\mda-pad.vcxproj" (Rebuild target(s)).

Build succeeded.

Time Elapsed 00:00:02.44
