c:\kaust\mda\mda\color\color\x64\debug\vc120.pdb
c:\kaust\mda\mda\color\color\x64\debug\vc120.idb
c:\kaust\mda\mda\color\color\x64\debug\cielabspace.obj
c:\kaust\mda\mda\color\color\x64\debug\cieluvspace.obj
c:\kaust\mda\mda\color\color\x64\debug\colorspace.obj
c:\kaust\mda\mda\color\color\x64\debug\colorspacefactory.obj
c:\kaust\mda\mda\color\color\x64\debug\gamma.obj
c:\kaust\mda\mda\color\color\x64\debug\gammacorrectedspace.obj
c:\kaust\mda\mda\color\color\x64\debug\lineartristimulusspace.obj
c:\kaust\mda\mda\color\color\x64\debug\spectralbasis.obj
c:\kaust\mda\mda\color\color\x64\debug\spectrum.obj
c:\kaust\mda\mda\color\color\x64\debug\tonecurve.obj
c:\kaust\mda\mda\color\color\x64\debug\tonecurvefactory.obj
c:\kaust\mda\mda\color\color\x64\debug\whitebalance.obj
c:\kaust\mda\mda\color\color\x64\debug\whitepoint.obj
c:\kaust\mda\mda\color\color\x64\debug\yuvspace.obj
c:\kaust\mda\mda\mda\x64\debug\color.lib
c:\kaust\mda\mda\color\color\x64\debug\color.tlog\cl.command.1.tlog
c:\kaust\mda\mda\color\color\x64\debug\color.tlog\cl.read.1.tlog
c:\kaust\mda\mda\color\color\x64\debug\color.tlog\cl.write.1.tlog
c:\kaust\mda\mda\color\color\x64\debug\color.tlog\lib-link.read.1.tlog
c:\kaust\mda\mda\color\color\x64\debug\color.tlog\lib-link.write.1.tlog
c:\kaust\mda\mda\color\color\x64\debug\color.tlog\lib.command.1.tlog
