Build started 7/20/2016 12:14:50 PM.
     1>Project "C:\kaust\mda\MDA\Bin\mda-reduce\mda-reduce.vcxproj" on node 7 (Rebuild target(s)).
     1>ClCompile:
         C:\Program Files (x86)\Microsoft Visual Studio 12.0\VC\bin\x86_amd64\CL.exe /c /I../../../ /Zi /nologo /W3 /WX- /sdl /Od /D _MBCS /Gm /EHsc /RTC1 /MDd /GS /fp:precise /Zc:wchar_t /Zc:forScope /Fo"x64\Debug\\" /Fd"x64\Debug\vc120.pdb" /Gd /TP /errorReport:prompt "..\mda-reduce.C"
         mda-reduce.C
     1>C:\Program Files (x86)\Microsoft Visual Studio 12.0\VC\include\vector(10): warning C4002: too many actual parameters for macro 'warning'
     1>C:\Program Files (x86)\Microsoft Visual Studio 12.0\VC\include\vector(10): warning C4081: expected 'identifier'; found '('
     1>C:\Program Files (x86)\Microsoft Visual Studio 12.0\VC\include\vector(14): warning C4081: expected 'identifier'; found '('
     1>C:\Program Files (x86)\Microsoft Visual Studio 12.0\VC\include\vector(15): warning C4081: expected 'identifier'; found '('
     1>C:\Program Files (x86)\Microsoft Visual Studio 12.0\VC\include\vector(3034): warning C4081: expected 'identifier'; found '('
     1>C:\Program Files (x86)\Microsoft Visual Studio 12.0\VC\include\fstream(9): warning C4002: too many actual parameters for macro 'warning'
     1>C:\Program Files (x86)\Microsoft Visual Studio 12.0\VC\include\fstream(9): warning C4081: expected 'identifier'; found '('
     1>C:\Program Files (x86)\Microsoft Visual Studio 12.0\VC\include\fstream(14): warning C4081: expected 'identifier'; found '('
     1>C:\Program Files (x86)\Microsoft Visual Studio 12.0\VC\include\fstream(611): warning C4081: expected 'identifier'; found '('
     1>C:\Program Files (x86)\Microsoft Visual Studio 12.0\VC\include\fstream(612): warning C4081: expected 'identifier'; found '('
     1>C:\Program Files (x86)\Microsoft Visual Studio 12.0\VC\include\fstream(614): warning C4081: expected 'identifier'; found '('
     1>C:\Program Files (x86)\Microsoft Visual Studio 12.0\VC\include\fstream(1319): warning C4081: expected 'identifier'; found '('
     1>C:\kaust\mda\MDA/Base/CoordinateVector.hh(107): warning C4267: 'initializing' : conversion from 'size_t' to 'int', possible loss of data
     1>C:\kaust\mda\MDA/Base/CommandlineParser.hh(168): warning C4309: 'default argument' : truncation of constant value
                 ..\mda-reduce.C(28) : see reference to class template instantiation 'MDA::ScalarOption<char>' being compiled
     1>..\mda-reduce.C(104): warning C4267: 'initializing' : conversion from 'size_t' to 'int', possible loss of data
     1>..\mda-reduce.C(145): warning C4018: '<' : signed/unsigned mismatch
     1>..\mda-reduce.C(174): warning C4018: '<' : signed/unsigned mismatch
     1>..\mda-reduce.C(177): warning C4018: '<' : signed/unsigned mismatch
     1>..\mda-reduce.C(192): warning C4018: '<' : signed/unsigned mismatch
     1>..\mda-reduce.C(195): warning C4018: '<' : signed/unsigned mismatch
     1>..\mda-reduce.C(208): warning C4018: '<' : signed/unsigned mismatch
     1>..\mda-reduce.C(250): warning C4018: '<' : signed/unsigned mismatch
       Link:
         C:\Program Files (x86)\Microsoft Visual Studio 12.0\VC\bin\x86_amd64\link.exe /ERRORREPORT:PROMPT /OUT:"C:\kaust\mda\MDA\mda\x64\Debug\mda-reduce.exe" /INCREMENTAL /NOLOGO /LIBPATH:C:\kaust\mda\MDA\mda\x64\Debug base.lib Array.lib expressions.lib kernel32.lib user32.lib gdi32.lib winspool.lib comdlg32.lib advapi32.lib shell32.lib ole32.lib oleaut32.lib uuid.lib odbc32.lib odbccp32.lib /MANIFEST /MANIFESTUAC:"level='asInvoker' uiAccess='false'" /manifest:embed /DEBUG /PDB:"C:\kaust\mda\MDA\mda\x64\Debug\mda-reduce.pdb" /TLBID:1 /DYNAMICBASE /NXCOMPAT /IMPLIB:"C:\kaust\mda\MDA\mda\x64\Debug\mda-reduce.lib" /MACHINE:X64 "x64\Debug\mda-reduce.obj"
         mda-reduce.vcxproj -> C:\kaust\mda\MDA\mda\x64\Debug\mda-reduce.exe
     1>Done Building Project "C:\kaust\mda\MDA\Bin\mda-reduce\mda-reduce.vcxproj" (Rebuild target(s)).

Build succeeded.

Time Elapsed 00:00:02.20
