Build started 9/5/2016 1:39:54 PM.
     1>Project "C:\kaust\mda\MDA\Bin\mda-strobesync\mda-strobesync.vcxproj" on node 3 (Rebuild target(s)).
     1>ClCompile:
         C:\Program Files (x86)\Microsoft Visual Studio 12.0\VC\bin\x86_amd64\CL.exe /c /I../../../ /Zi /nologo /W3 /WX- /sdl /O2 /Oi /GL /D _CRT_SECURE_NO_WARNINGS /D _MBCS /Gm- /EHsc /MT /GS /Gy /fp:precise /Zc:wchar_t /Zc:forScope /Fo"x64\Release\\" /Fd"x64\Release\vc120.pdb" /Gd /TP /errorReport:prompt "..\mda-strobesync.C"
         mda-strobesync.C
     1>C:\Program Files (x86)\Microsoft Visual Studio 12.0\VC\include\iterator(10): warning C4002: too many actual parameters for macro 'warning'
     1>C:\Program Files (x86)\Microsoft Visual Studio 12.0\VC\include\iterator(10): warning C4081: expected 'identifier'; found '('
     1>C:\Program Files (x86)\Microsoft Visual Studio 12.0\VC\include\iterator(737): warning C4081: expected 'identifier'; found '('
     1>C:\Program Files (x86)\Microsoft Visual Studio 12.0\VC\include\string(9): warning C4002: too many actual parameters for macro 'warning'
     1>C:\Program Files (x86)\Microsoft Visual Studio 12.0\VC\include\string(9): warning C4081: expected 'identifier'; found '('
     1>C:\Program Files (x86)\Microsoft Visual Studio 12.0\VC\include\string(13): warning C4081: expected 'identifier'; found '('
     1>C:\Program Files (x86)\Microsoft Visual Studio 12.0\VC\include\string(14): warning C4081: expected 'identifier'; found '('
     1>C:\Program Files (x86)\Microsoft Visual Studio 12.0\VC\include\string(651): warning C4081: expected 'identifier'; found '('
     1>C:\Program Files (x86)\Microsoft Visual Studio 12.0\VC\include\sstream(9): warning C4002: too many actual parameters for macro 'warning'
     1>C:\Program Files (x86)\Microsoft Visual Studio 12.0\VC\include\sstream(9): warning C4081: expected 'identifier'; found '('
     1>C:\Program Files (x86)\Microsoft Visual Studio 12.0\VC\include\sstream(13): warning C4081: expected 'identifier'; found '('
     1>C:\Program Files (x86)\Microsoft Visual Studio 12.0\VC\include\sstream(668): warning C4081: expected 'identifier'; found '('
     1>C:\Program Files (x86)\Microsoft Visual Studio 12.0\VC\include\xmemory(9): warning C4002: too many actual parameters for macro 'warning'
     1>C:\Program Files (x86)\Microsoft Visual Studio 12.0\VC\include\xmemory(9): warning C4081: expected 'identifier'; found '('
     1>C:\Program Files (x86)\Microsoft Visual Studio 12.0\VC\include\xmemory(13): warning C4081: expected 'identifier'; found '('
     1>C:\Program Files (x86)\Microsoft Visual Studio 12.0\VC\include\xmemory(999): warning C4081: expected 'identifier'; found '('
     1>C:\Program Files (x86)\Microsoft Visual Studio 12.0\VC\include\list(10): warning C4002: too many actual parameters for macro 'warning'
     1>C:\Program Files (x86)\Microsoft Visual Studio 12.0\VC\include\list(10): warning C4081: expected 'identifier'; found '('
     1>C:\Program Files (x86)\Microsoft Visual Studio 12.0\VC\include\list(14): warning C4081: expected 'identifier'; found '('
     1>C:\Program Files (x86)\Microsoft Visual Studio 12.0\VC\include\list(1990): warning C4081: expected 'identifier'; found '('
     1>C:\Program Files (x86)\Microsoft Visual Studio 12.0\VC\include\vector(10): warning C4002: too many actual parameters for macro 'warning'
     1>C:\Program Files (x86)\Microsoft Visual Studio 12.0\VC\include\vector(10): warning C4081: expected 'identifier'; found '('
     1>C:\Program Files (x86)\Microsoft Visual Studio 12.0\VC\include\vector(14): warning C4081: expected 'identifier'; found '('
     1>C:\Program Files (x86)\Microsoft Visual Studio 12.0\VC\include\vector(15): warning C4081: expected 'identifier'; found '('
     1>C:\Program Files (x86)\Microsoft Visual Studio 12.0\VC\include\vector(3034): warning C4081: expected 'identifier'; found '('
     1>C:\kaust\mda\MDA/Base/CoordinateVector.hh(107): warning C4267: 'initializing' : conversion from 'size_t' to 'int', possible loss of data
     1>..\mda-strobesync.C(112): warning C4018: '<' : signed/unsigned mismatch
     1>..\mda-strobesync.C(114): warning C4018: '<' : signed/unsigned mismatch
     1>..\mda-strobesync.C(126): warning C4018: '<' : signed/unsigned mismatch
     1>..\mda-strobesync.C(128): warning C4018: '<' : signed/unsigned mismatch
     1>..\mda-strobesync.C(248): warning C4018: '<' : signed/unsigned mismatch
     1>..\mda-strobesync.C(250): warning C4018: '<' : signed/unsigned mismatch
     1>..\mda-strobesync.C(275): warning C4018: '<' : signed/unsigned mismatch
     1>..\mda-strobesync.C(281): warning C4018: '<' : signed/unsigned mismatch
     1>..\mda-strobesync.C(311): warning C4018: '<' : signed/unsigned mismatch
     1>..\mda-strobesync.C(317): warning C4018: '<' : signed/unsigned mismatch
     1>..\mda-strobesync.C(347): warning C4018: '<' : signed/unsigned mismatch
     1>..\mda-strobesync.C(351): warning C4018: '<' : signed/unsigned mismatch
     1>..\mda-strobesync.C(401): warning C4018: '<' : signed/unsigned mismatch
     1>..\mda-strobesync.C(426): warning C4018: '<' : signed/unsigned mismatch
     1>..\mda-strobesync.C(428): warning C4018: '<' : signed/unsigned mismatch
     1>..\mda-strobesync.C(439): warning C4018: '>=' : signed/unsigned mismatch
     1>..\mda-strobesync.C(460): warning C4018: '<' : signed/unsigned mismatch
     1>..\mda-strobesync.C(462): warning C4018: '<' : signed/unsigned mismatch
     1>..\mda-strobesync.C(471): warning C4018: '<' : signed/unsigned mismatch
     1>..\mda-strobesync.C(473): warning C4018: '<' : signed/unsigned mismatch
     1>..\mda-strobesync.C(869): warning C4305: '=' : truncation from 'double' to 'float'
     1>..\mda-strobesync.C(870): warning C4305: '=' : truncation from 'double' to 'float'
     1>..\mda-strobesync.C(871): warning C4305: '=' : truncation from 'double' to 'float'
     1>..\mda-strobesync.C(872): warning C4305: '=' : truncation from 'double' to 'float'
     1>..\mda-strobesync.C(873): warning C4305: '=' : truncation from 'double' to 'float'
     1>..\mda-strobesync.C(878): warning C4305: '=' : truncation from 'double' to 'float'
     1>..\mda-strobesync.C(880): warning C4305: '=' : truncation from 'double' to 'float'
     1>..\mda-strobesync.C(881): warning C4305: '=' : truncation from 'double' to 'float'
     1>..\mda-strobesync.C(882): warning C4305: '=' : truncation from 'double' to 'float'
     1>..\mda-strobesync.C(891): warning C4244: '=' : conversion from 'int' to 'float', possible loss of data
       Link:
         C:\Program Files (x86)\Microsoft Visual Studio 12.0\VC\bin\x86_amd64\link.exe /ERRORREPORT:PROMPT /OUT:"C:\kaust\mda\MDA\mda\x64\Release\mda-strobesync.exe" /NOLOGO /LIBPATH:C:\kaust\mda\MDA\mda\x64\Release Base.lib TinyXML.lib Array.lib kernel32.lib user32.lib gdi32.lib winspool.lib comdlg32.lib advapi32.lib shell32.lib ole32.lib oleaut32.lib uuid.lib odbc32.lib odbccp32.lib /MANIFEST /MANIFESTUAC:"level='asInvoker' uiAccess='false'" /manifest:embed /DEBUG /PDB:"C:\kaust\mda\MDA\mda\x64\Release\mda-strobesync.pdb" /OPT:REF /OPT:ICF /LTCG /TLBID:1 /DYNAMICBASE /NXCOMPAT /IMPLIB:"C:\kaust\mda\MDA\mda\x64\Release\mda-strobesync.lib" /MACHINE:X64 "x64\Release\mda-strobesync.obj"
         Generating code
         Finished generating code
         mda-strobesync.vcxproj -> C:\kaust\mda\MDA\mda\x64\Release\mda-strobesync.exe
     1>Done Building Project "C:\kaust\mda\MDA\Bin\mda-strobesync\mda-strobesync.vcxproj" (Rebuild target(s)).

Build succeeded.

Time Elapsed 00:00:05.96
